Start testing: Jun 27 13:22 CST
----------------------------------------------------------
1/164 Testing: t_wrapping_ints_cmp
1/164 Test: t_wrapping_ints_cmp
Command: "/home/gsh/csdiy/libsponge/build/tests/wrapping_integers_cmp"
Directory: /home/gsh/csdiy/libsponge/build
"t_wrapping_ints_cmp" start time: Jun 27 13:22 CST
Output:
----------------------------------------------------------
<end of output>
Test time =   0.00 sec
----------------------------------------------------------
Test Passed.
"t_wrapping_ints_cmp" end time: Jun 27 13:22 CST
"t_wrapping_ints_cmp" time elapsed: 00:00:00
----------------------------------------------------------

2/164 Testing: t_wrapping_ints_unwrap
2/164 Test: t_wrapping_ints_unwrap
Command: "/home/gsh/csdiy/libsponge/build/tests/wrapping_integers_unwrap"
Directory: /home/gsh/csdiy/libsponge/build
"t_wrapping_ints_unwrap" start time: Jun 27 13:22 CST
Output:
----------------------------------------------------------
<end of output>
Test time =   0.00 sec
----------------------------------------------------------
Test Passed.
"t_wrapping_ints_unwrap" end time: Jun 27 13:22 CST
"t_wrapping_ints_unwrap" time elapsed: 00:00:00
----------------------------------------------------------

3/164 Testing: t_wrapping_ints_wrap
3/164 Test: t_wrapping_ints_wrap
Command: "/home/gsh/csdiy/libsponge/build/tests/wrapping_integers_wrap"
Directory: /home/gsh/csdiy/libsponge/build
"t_wrapping_ints_wrap" start time: Jun 27 13:22 CST
Output:
----------------------------------------------------------
<end of output>
Test time =   0.00 sec
----------------------------------------------------------
Test Passed.
"t_wrapping_ints_wrap" end time: Jun 27 13:22 CST
"t_wrapping_ints_wrap" time elapsed: 00:00:00
----------------------------------------------------------

4/164 Testing: t_wrapping_ints_roundtrip
4/164 Test: t_wrapping_ints_roundtrip
Command: "/home/gsh/csdiy/libsponge/build/tests/wrapping_integers_roundtrip"
Directory: /home/gsh/csdiy/libsponge/build
"t_wrapping_ints_roundtrip" start time: Jun 27 13:22 CST
Output:
----------------------------------------------------------
<end of output>
Test time =   1.68 sec
----------------------------------------------------------
Test Passed.
"t_wrapping_ints_roundtrip" end time: Jun 27 13:22 CST
"t_wrapping_ints_roundtrip" time elapsed: 00:00:01
----------------------------------------------------------

5/164 Testing: t_recv_connect
5/164 Test: t_recv_connect
Command: "/home/gsh/csdiy/libsponge/build/tests/recv_connect"
Directory: /home/gsh/csdiy/libsponge/build
"t_recv_connect" start time: Jun 27 13:22 CST
Output:
----------------------------------------------------------
<end of output>
Test time =   0.00 sec
----------------------------------------------------------
Test Passed.
"t_recv_connect" end time: Jun 27 13:22 CST
"t_recv_connect" time elapsed: 00:00:00
----------------------------------------------------------

6/164 Testing: t_recv_transmit
6/164 Test: t_recv_transmit
Command: "/home/gsh/csdiy/libsponge/build/tests/recv_transmit"
Directory: /home/gsh/csdiy/libsponge/build
"t_recv_transmit" start time: Jun 27 13:22 CST
Output:
----------------------------------------------------------
<end of output>
Test time =   0.06 sec
----------------------------------------------------------
Test Passed.
"t_recv_transmit" end time: Jun 27 13:22 CST
"t_recv_transmit" time elapsed: 00:00:00
----------------------------------------------------------

7/164 Testing: t_recv_window
7/164 Test: t_recv_window
Command: "/home/gsh/csdiy/libsponge/build/tests/recv_window"
Directory: /home/gsh/csdiy/libsponge/build
"t_recv_window" start time: Jun 27 13:22 CST
Output:
----------------------------------------------------------
<end of output>
Test time =   0.00 sec
----------------------------------------------------------
Test Passed.
"t_recv_window" end time: Jun 27 13:22 CST
"t_recv_window" time elapsed: 00:00:00
----------------------------------------------------------

8/164 Testing: t_recv_reorder
8/164 Test: t_recv_reorder
Command: "/home/gsh/csdiy/libsponge/build/tests/recv_reorder"
Directory: /home/gsh/csdiy/libsponge/build
"t_recv_reorder" start time: Jun 27 13:22 CST
Output:
----------------------------------------------------------
<end of output>
Test time =   0.00 sec
----------------------------------------------------------
Test Passed.
"t_recv_reorder" end time: Jun 27 13:22 CST
"t_recv_reorder" time elapsed: 00:00:00
----------------------------------------------------------

9/164 Testing: t_recv_close
9/164 Test: t_recv_close
Command: "/home/gsh/csdiy/libsponge/build/tests/recv_close"
Directory: /home/gsh/csdiy/libsponge/build
"t_recv_close" start time: Jun 27 13:22 CST
Output:
----------------------------------------------------------
<end of output>
Test time =   0.00 sec
----------------------------------------------------------
Test Passed.
"t_recv_close" end time: Jun 27 13:22 CST
"t_recv_close" time elapsed: 00:00:00
----------------------------------------------------------

10/164 Testing: t_recv_special
10/164 Test: t_recv_special
Command: "/home/gsh/csdiy/libsponge/build/tests/recv_special"
Directory: /home/gsh/csdiy/libsponge/build
"t_recv_special" start time: Jun 27 13:22 CST
Output:
----------------------------------------------------------
<end of output>
Test time =   0.00 sec
----------------------------------------------------------
Test Passed.
"t_recv_special" end time: Jun 27 13:22 CST
"t_recv_special" time elapsed: 00:00:00
----------------------------------------------------------

11/164 Testing: t_send_connect
11/164 Test: t_send_connect
Command: "/home/gsh/csdiy/libsponge/build/tests/send_connect"
Directory: /home/gsh/csdiy/libsponge/build
"t_send_connect" start time: Jun 27 13:22 CST
Output:
----------------------------------------------------------
<end of output>
Test time =   0.00 sec
----------------------------------------------------------
Test Passed.
"t_send_connect" end time: Jun 27 13:22 CST
"t_send_connect" time elapsed: 00:00:00
----------------------------------------------------------

12/164 Testing: t_send_transmit
12/164 Test: t_send_transmit
Command: "/home/gsh/csdiy/libsponge/build/tests/send_transmit"
Directory: /home/gsh/csdiy/libsponge/build
"t_send_transmit" start time: Jun 27 13:22 CST
Output:
----------------------------------------------------------
<end of output>
Test time =   0.05 sec
----------------------------------------------------------
Test Passed.
"t_send_transmit" end time: Jun 27 13:22 CST
"t_send_transmit" time elapsed: 00:00:00
----------------------------------------------------------

13/164 Testing: t_send_retx
13/164 Test: t_send_retx
Command: "/home/gsh/csdiy/libsponge/build/tests/send_retx"
Directory: /home/gsh/csdiy/libsponge/build
"t_send_retx" start time: Jun 27 13:22 CST
Output:
----------------------------------------------------------
<end of output>
Test time =   0.00 sec
----------------------------------------------------------
Test Passed.
"t_send_retx" end time: Jun 27 13:22 CST
"t_send_retx" time elapsed: 00:00:00
----------------------------------------------------------

14/164 Testing: t_send_window
14/164 Test: t_send_window
Command: "/home/gsh/csdiy/libsponge/build/tests/send_window"
Directory: /home/gsh/csdiy/libsponge/build
"t_send_window" start time: Jun 27 13:22 CST
Output:
----------------------------------------------------------
<end of output>
Test time =   0.01 sec
----------------------------------------------------------
Test Passed.
"t_send_window" end time: Jun 27 13:22 CST
"t_send_window" time elapsed: 00:00:00
----------------------------------------------------------

15/164 Testing: t_send_ack
15/164 Test: t_send_ack
Command: "/home/gsh/csdiy/libsponge/build/tests/send_ack"
Directory: /home/gsh/csdiy/libsponge/build
"t_send_ack" start time: Jun 27 13:22 CST
Output:
----------------------------------------------------------
<end of output>
Test time =   0.00 sec
----------------------------------------------------------
Test Passed.
"t_send_ack" end time: Jun 27 13:22 CST
"t_send_ack" time elapsed: 00:00:00
----------------------------------------------------------

16/164 Testing: t_send_close
16/164 Test: t_send_close
Command: "/home/gsh/csdiy/libsponge/build/tests/send_close"
Directory: /home/gsh/csdiy/libsponge/build
"t_send_close" start time: Jun 27 13:22 CST
Output:
----------------------------------------------------------
<end of output>
Test time =   0.00 sec
----------------------------------------------------------
Test Passed.
"t_send_close" end time: Jun 27 13:22 CST
"t_send_close" time elapsed: 00:00:00
----------------------------------------------------------

17/164 Testing: t_send_extra
17/164 Test: t_send_extra
Command: "/home/gsh/csdiy/libsponge/build/tests/send_extra"
Directory: /home/gsh/csdiy/libsponge/build
"t_send_extra" start time: Jun 27 13:22 CST
Output:
----------------------------------------------------------
<end of output>
Test time =   0.01 sec
----------------------------------------------------------
Test Passed.
"t_send_extra" end time: Jun 27 13:22 CST
"t_send_extra" time elapsed: 00:00:00
----------------------------------------------------------

18/164 Testing: t_strm_reassem_single
18/164 Test: t_strm_reassem_single
Command: "/home/gsh/csdiy/libsponge/build/tests/fsm_stream_reassembler_single"
Directory: /home/gsh/csdiy/libsponge/build
"t_strm_reassem_single" start time: Jun 27 13:22 CST
Output:
----------------------------------------------------------
<end of output>
Test time =   0.00 sec
----------------------------------------------------------
Test Passed.
"t_strm_reassem_single" end time: Jun 27 13:22 CST
"t_strm_reassem_single" time elapsed: 00:00:00
----------------------------------------------------------

19/164 Testing: t_strm_reassem_seq
19/164 Test: t_strm_reassem_seq
Command: "/home/gsh/csdiy/libsponge/build/tests/fsm_stream_reassembler_seq"
Directory: /home/gsh/csdiy/libsponge/build
"t_strm_reassem_seq" start time: Jun 27 13:22 CST
Output:
----------------------------------------------------------
<end of output>
Test time =   0.00 sec
----------------------------------------------------------
Test Passed.
"t_strm_reassem_seq" end time: Jun 27 13:22 CST
"t_strm_reassem_seq" time elapsed: 00:00:00
----------------------------------------------------------

20/164 Testing: t_strm_reassem_dup
20/164 Test: t_strm_reassem_dup
Command: "/home/gsh/csdiy/libsponge/build/tests/fsm_stream_reassembler_dup"
Directory: /home/gsh/csdiy/libsponge/build
"t_strm_reassem_dup" start time: Jun 27 13:22 CST
Output:
----------------------------------------------------------
<end of output>
Test time =   0.01 sec
----------------------------------------------------------
Test Passed.
"t_strm_reassem_dup" end time: Jun 27 13:22 CST
"t_strm_reassem_dup" time elapsed: 00:00:00
----------------------------------------------------------

21/164 Testing: t_strm_reassem_holes
21/164 Test: t_strm_reassem_holes
Command: "/home/gsh/csdiy/libsponge/build/tests/fsm_stream_reassembler_holes"
Directory: /home/gsh/csdiy/libsponge/build
"t_strm_reassem_holes" start time: Jun 27 13:22 CST
Output:
----------------------------------------------------------
<end of output>
Test time =   0.00 sec
----------------------------------------------------------
Test Passed.
"t_strm_reassem_holes" end time: Jun 27 13:22 CST
"t_strm_reassem_holes" time elapsed: 00:00:00
----------------------------------------------------------

22/164 Testing: t_strm_reassem_many
22/164 Test: t_strm_reassem_many
Command: "/home/gsh/csdiy/libsponge/build/tests/fsm_stream_reassembler_many"
Directory: /home/gsh/csdiy/libsponge/build
"t_strm_reassem_many" start time: Jun 27 13:22 CST
Output:
----------------------------------------------------------
<end of output>
Test time =   0.05 sec
----------------------------------------------------------
Test Passed.
"t_strm_reassem_many" end time: Jun 27 13:22 CST
"t_strm_reassem_many" time elapsed: 00:00:00
----------------------------------------------------------

23/164 Testing: t_strm_reassem_overlapping
23/164 Test: t_strm_reassem_overlapping
Command: "/home/gsh/csdiy/libsponge/build/tests/fsm_stream_reassembler_overlapping"
Directory: /home/gsh/csdiy/libsponge/build
"t_strm_reassem_overlapping" start time: Jun 27 13:22 CST
Output:
----------------------------------------------------------
<end of output>
Test time =   0.00 sec
----------------------------------------------------------
Test Passed.
"t_strm_reassem_overlapping" end time: Jun 27 13:22 CST
"t_strm_reassem_overlapping" time elapsed: 00:00:00
----------------------------------------------------------

24/164 Testing: t_strm_reassem_win
24/164 Test: t_strm_reassem_win
Command: "/home/gsh/csdiy/libsponge/build/tests/fsm_stream_reassembler_win"
Directory: /home/gsh/csdiy/libsponge/build
"t_strm_reassem_win" start time: Jun 27 13:22 CST
Output:
----------------------------------------------------------
<end of output>
Test time =   0.05 sec
----------------------------------------------------------
Test Passed.
"t_strm_reassem_win" end time: Jun 27 13:22 CST
"t_strm_reassem_win" time elapsed: 00:00:00
----------------------------------------------------------

25/164 Testing: t_strm_reassem_cap
25/164 Test: t_strm_reassem_cap
Command: "/home/gsh/csdiy/libsponge/build/tests/fsm_stream_reassembler_cap"
Directory: /home/gsh/csdiy/libsponge/build
"t_strm_reassem_cap" start time: Jun 27 13:22 CST
Output:
----------------------------------------------------------
<end of output>
Test time =   0.09 sec
----------------------------------------------------------
Test Passed.
"t_strm_reassem_cap" end time: Jun 27 13:22 CST
"t_strm_reassem_cap" time elapsed: 00:00:00
----------------------------------------------------------

26/164 Testing: t_byte_stream_construction
26/164 Test: t_byte_stream_construction
Command: "/home/gsh/csdiy/libsponge/build/tests/byte_stream_construction"
Directory: /home/gsh/csdiy/libsponge/build
"t_byte_stream_construction" start time: Jun 27 13:22 CST
Output:
----------------------------------------------------------
<end of output>
Test time =   0.00 sec
----------------------------------------------------------
Test Passed.
"t_byte_stream_construction" end time: Jun 27 13:22 CST
"t_byte_stream_construction" time elapsed: 00:00:00
----------------------------------------------------------

27/164 Testing: t_byte_stream_one_write
27/164 Test: t_byte_stream_one_write
Command: "/home/gsh/csdiy/libsponge/build/tests/byte_stream_one_write"
Directory: /home/gsh/csdiy/libsponge/build
"t_byte_stream_one_write" start time: Jun 27 13:22 CST
Output:
----------------------------------------------------------
<end of output>
Test time =   0.00 sec
----------------------------------------------------------
Test Passed.
"t_byte_stream_one_write" end time: Jun 27 13:22 CST
"t_byte_stream_one_write" time elapsed: 00:00:00
----------------------------------------------------------

28/164 Testing: t_byte_stream_two_writes
28/164 Test: t_byte_stream_two_writes
Command: "/home/gsh/csdiy/libsponge/build/tests/byte_stream_two_writes"
Directory: /home/gsh/csdiy/libsponge/build
"t_byte_stream_two_writes" start time: Jun 27 13:22 CST
Output:
----------------------------------------------------------
<end of output>
Test time =   0.00 sec
----------------------------------------------------------
Test Passed.
"t_byte_stream_two_writes" end time: Jun 27 13:22 CST
"t_byte_stream_two_writes" time elapsed: 00:00:00
----------------------------------------------------------

29/164 Testing: t_byte_stream_capacity
29/164 Test: t_byte_stream_capacity
Command: "/home/gsh/csdiy/libsponge/build/tests/byte_stream_capacity"
Directory: /home/gsh/csdiy/libsponge/build
"t_byte_stream_capacity" start time: Jun 27 13:22 CST
Output:
----------------------------------------------------------
<end of output>
Test time =   0.48 sec
----------------------------------------------------------
Test Passed.
"t_byte_stream_capacity" end time: Jun 27 13:22 CST
"t_byte_stream_capacity" time elapsed: 00:00:00
----------------------------------------------------------

30/164 Testing: t_byte_stream_many_writes
30/164 Test: t_byte_stream_many_writes
Command: "/home/gsh/csdiy/libsponge/build/tests/byte_stream_many_writes"
Directory: /home/gsh/csdiy/libsponge/build
"t_byte_stream_many_writes" start time: Jun 27 13:22 CST
Output:
----------------------------------------------------------
<end of output>
Test time =   0.01 sec
----------------------------------------------------------
Test Passed.
"t_byte_stream_many_writes" end time: Jun 27 13:22 CST
"t_byte_stream_many_writes" time elapsed: 00:00:00
----------------------------------------------------------

31/164 Testing: t_webget
31/164 Test: t_webget
Command: "/home/gsh/csdiy/libsponge/tests/webget_t.sh"
Directory: /home/gsh/csdiy/libsponge/build
"t_webget" start time: Jun 27 13:22 CST
Output:
----------------------------------------------------------
DEBUG: Connecting to 104.196.238.229:80... done.
DEBUG: Inbound stream from 104.196.238.229:80 finished cleanly.
HTTP/1.1 200 OK
Content-type: text/plain

7SmXqWkrLKzVBCEalbSPqBcvs11Pw263K7x4Wv3JckI
DEBUG: Waiting for clean shutdown... DEBUG: Outbound stream to 104.196.238.229:80 finished (1 byte still in flight).
DEBUG: Outbound stream to 104.196.238.229:80 has been fully acknowledged.
DEBUG: TCP connection finished cleanly.
done.
<end of output>
Test time =   2.50 sec
----------------------------------------------------------
Test Passed.
"t_webget" end time: Jun 27 13:22 CST
"t_webget" time elapsed: 00:00:02
----------------------------------------------------------

34/164 Testing: t_tcp_parser
34/164 Test: t_tcp_parser
Command: "/home/gsh/csdiy/libsponge/build/tests/tcp_parser" "/home/gsh/csdiy/libsponge/tests/ipv4_parser.data"
Directory: /home/gsh/csdiy/libsponge/build
"t_tcp_parser" start time: Jun 27 13:22 CST
Output:
----------------------------------------------------------
<end of output>
Test time =   0.01 sec
----------------------------------------------------------
Test Passed.
"t_tcp_parser" end time: Jun 27 13:22 CST
"t_tcp_parser" time elapsed: 00:00:00
----------------------------------------------------------

35/164 Testing: t_ipv4_parser
35/164 Test: t_ipv4_parser
Command: "/home/gsh/csdiy/libsponge/build/tests/ipv4_parser" "/home/gsh/csdiy/libsponge/tests/ipv4_parser.data"
Directory: /home/gsh/csdiy/libsponge/build
"t_ipv4_parser" start time: Jun 27 13:22 CST
Output:
----------------------------------------------------------
<end of output>
Test time =   0.00 sec
----------------------------------------------------------
Test Passed.
"t_ipv4_parser" end time: Jun 27 13:22 CST
"t_ipv4_parser" time elapsed: 00:00:00
----------------------------------------------------------

36/164 Testing: t_active_close
36/164 Test: t_active_close
Command: "/home/gsh/csdiy/libsponge/build/tests/fsm_active_close"
Directory: /home/gsh/csdiy/libsponge/build
"t_active_close" start time: Jun 27 13:22 CST
Output:
----------------------------------------------------------
<end of output>
Test time =   0.00 sec
----------------------------------------------------------
Test Passed.
"t_active_close" end time: Jun 27 13:22 CST
"t_active_close" time elapsed: 00:00:00
----------------------------------------------------------

37/164 Testing: t_passive_close
37/164 Test: t_passive_close
Command: "/home/gsh/csdiy/libsponge/build/tests/fsm_passive_close"
Directory: /home/gsh/csdiy/libsponge/build
"t_passive_close" start time: Jun 27 13:22 CST
Output:
----------------------------------------------------------
<end of output>
Test time =   0.00 sec
----------------------------------------------------------
Test Passed.
"t_passive_close" end time: Jun 27 13:22 CST
"t_passive_close" time elapsed: 00:00:00
----------------------------------------------------------

38/164 Testing: t_ack_rst
38/164 Test: t_ack_rst
Command: "/home/gsh/csdiy/libsponge/build/tests/fsm_ack_rst_relaxed"
Directory: /home/gsh/csdiy/libsponge/build
"t_ack_rst" start time: Jun 27 13:22 CST
Output:
----------------------------------------------------------
Test 1
Test 2
Test 3
Warning: Unclean shutdown of TCPConnection
Warning: Unclean shutdown of TCPConnection
Warning: Unclean shutdown of TCPConnection
Warning: Unclean shutdown of TCPConnection
Warning: Unclean shutdown of TCPConnection
Warning: Unclean shutdown of TCPConnection
Warning: Unclean shutdown of TCPConnection
Warning: Unclean shutdown of TCPConnection
Warning: Unclean shutdown of TCPConnection
Test 4
Test 5
Warning: Unclean shutdown of TCPConnection
Warning: Unclean shutdown of TCPConnection
<end of output>
Test time =   0.00 sec
----------------------------------------------------------
Test Passed.
"t_ack_rst" end time: Jun 27 13:22 CST
"t_ack_rst" time elapsed: 00:00:00
----------------------------------------------------------

39/164 Testing: t_ack_rst_win
39/164 Test: t_ack_rst_win
Command: "/home/gsh/csdiy/libsponge/build/tests/fsm_ack_rst_win_relaxed"
Directory: /home/gsh/csdiy/libsponge/build
"t_ack_rst_win" start time: Jun 27 13:22 CST
Output:
----------------------------------------------------------
<end of output>
Test time =   0.00 sec
----------------------------------------------------------
Test Passed.
"t_ack_rst_win" end time: Jun 27 13:22 CST
"t_ack_rst_win" time elapsed: 00:00:00
----------------------------------------------------------

40/164 Testing: t_connect
40/164 Test: t_connect
Command: "/home/gsh/csdiy/libsponge/build/tests/fsm_connect_relaxed"
Directory: /home/gsh/csdiy/libsponge/build
"t_connect" start time: Jun 27 13:22 CST
Output:
----------------------------------------------------------
Warning: Unclean shutdown of TCPConnection
Warning: Unclean shutdown of TCPConnection
Warning: Unclean shutdown of TCPConnection
<end of output>
Test time =   0.00 sec
----------------------------------------------------------
Test Passed.
"t_connect" end time: Jun 27 13:22 CST
"t_connect" time elapsed: 00:00:00
----------------------------------------------------------

41/164 Testing: t_listen
41/164 Test: t_listen
Command: "/home/gsh/csdiy/libsponge/build/tests/fsm_listen_relaxed"
Directory: /home/gsh/csdiy/libsponge/build
"t_listen" start time: Jun 27 13:22 CST
Output:
----------------------------------------------------------
Warning: Unclean shutdown of TCPConnection
<end of output>
Test time =   0.00 sec
----------------------------------------------------------
Test Passed.
"t_listen" end time: Jun 27 13:22 CST
"t_listen" time elapsed: 00:00:00
----------------------------------------------------------

42/164 Testing: t_winsize
42/164 Test: t_winsize
Command: "/home/gsh/csdiy/libsponge/build/tests/fsm_winsize"
Directory: /home/gsh/csdiy/libsponge/build
"t_winsize" start time: Jun 27 13:22 CST
Output:
----------------------------------------------------------
Warning: Unclean shutdown of TCPConnection
Warning: Unclean shutdown of TCPConnection
Warning: Unclean shutdown of TCPConnection
Warning: Unclean shutdown of TCPConnection
Warning: Unclean shutdown of TCPConnection
Warning: Unclean shutdown of TCPConnection
Warning: Unclean shutdown of TCPConnection
Warning: Unclean shutdown of TCPConnection
Warning: Unclean shutdown of TCPConnection
Warning: Unclean shutdown of TCPConnection
Warning: Unclean shutdown of TCPConnection
Warning: Unclean shutdown of TCPConnection
Warning: Unclean shutdown of TCPConnection
Warning: Unclean shutdown of TCPConnection
Warning: Unclean shutdown of TCPConnection
Warning: Unclean shutdown of TCPConnection
Warning: Unclean shutdown of TCPConnection
Warning: Unclean shutdown of TCPConnection
Warning: Unclean shutdown of TCPConnection
Warning: Unclean shutdown of TCPConnection
Warning: Unclean shutdown of TCPConnection
Warning: Unclean shutdown of TCPConnection
Warning: Unclean shutdown of TCPConnection
Warning: Unclean shutdown of TCPConnection
Warning: Unclean shutdown of TCPConnection
Warning: Unclean shutdown of TCPConnection
Warning: Unclean shutdown of TCPConnection
Warning: Unclean shutdown of TCPConnection
Warning: Unclean shutdown of TCPConnection
Warning: Unclean shutdown of TCPConnection
Warning: Unclean shutdown of TCPConnection
Warning: Unclean shutdown of TCPConnection
<end of output>
Test time =   0.05 sec
----------------------------------------------------------
Test Passed.
"t_winsize" end time: Jun 27 13:22 CST
"t_winsize" time elapsed: 00:00:00
----------------------------------------------------------

43/164 Testing: t_retx
43/164 Test: t_retx
Command: "/home/gsh/csdiy/libsponge/build/tests/fsm_retx_relaxed"
Directory: /home/gsh/csdiy/libsponge/build
"t_retx" start time: Jun 27 13:22 CST
Output:
----------------------------------------------------------
  check_segment
  check_segment
  check_segment
  check_segment
  check_segment
  check_segment
  check_segment
  check_segment
  check_segment
<end of output>
Test time =   0.00 sec
----------------------------------------------------------
Test Passed.
"t_retx" end time: Jun 27 13:22 CST
"t_retx" time elapsed: 00:00:00
----------------------------------------------------------

44/164 Testing: t_retx_win
44/164 Test: t_retx_win
Command: "/home/gsh/csdiy/libsponge/build/tests/fsm_retx_win"
Directory: /home/gsh/csdiy/libsponge/build
"t_retx_win" start time: Jun 27 13:22 CST
Output:
----------------------------------------------------------
  check_segment
  check_segment
  check_segment
  check_segment
Warning: Unclean shutdown of TCPConnection
  check_segment
  check_segment
  check_segment
  check_segment
Warning: Unclean shutdown of TCPConnection
  check_segment
  check_segment
  check_segment
  check_segment
Warning: Unclean shutdown of TCPConnection
  check_segment
  check_segment
  check_segment
  check_segment
Warning: Unclean shutdown of TCPConnection
  check_segment
  check_segment
  check_segment
  check_segment
  check_segment
Warning: Unclean shutdown of TCPConnection
  check_segment
  check_segment
  check_segment
  check_segment
  check_segment
  check_segment
Warning: Unclean shutdown of TCPConnection
  check_segment
  check_segment
  check_segment
  check_segment
  check_segment
  check_segment
  check_segment
Warning: Unclean shutdown of TCPConnection
  check_segment
  check_segment
  check_segment
  check_segment
  check_segment
  check_segment
  check_segment
  check_segment
Warning: Unclean shutdown of TCPConnection
  check_segment
  check_segment
  check_segment
  check_segment
  check_segment
  check_segment
  check_segment
  check_segment
  check_segment
Warning: Unclean shutdown of TCPConnection
  check_segment
  check_segment
  check_segment
  check_segment
  check_segment
  check_segment
  check_segment
  check_segment
  check_segment
  check_segment
Warning: Unclean shutdown of TCPConnection
<end of output>
Test time =   0.00 sec
----------------------------------------------------------
Test Passed.
"t_retx_win" end time: Jun 27 13:22 CST
"t_retx_win" time elapsed: 00:00:00
----------------------------------------------------------

45/164 Testing: t_loopback
45/164 Test: t_loopback
Command: "/home/gsh/csdiy/libsponge/build/tests/fsm_loopback"
Directory: /home/gsh/csdiy/libsponge/build
"t_loopback" start time: Jun 27 13:22 CST
Output:
----------------------------------------------------------
Warning: Unclean shutdown of TCPConnection
Warning: Unclean shutdown of TCPConnection
Warning: Unclean shutdown of TCPConnection
Warning: Unclean shutdown of TCPConnection
Warning: Unclean shutdown of TCPConnection
Warning: Unclean shutdown of TCPConnection
Warning: Unclean shutdown of TCPConnection
Warning: Unclean shutdown of TCPConnection
Warning: Unclean shutdown of TCPConnection
Warning: Unclean shutdown of TCPConnection
Warning: Unclean shutdown of TCPConnection
Warning: Unclean shutdown of TCPConnection
Warning: Unclean shutdown of TCPConnection
Warning: Unclean shutdown of TCPConnection
Warning: Unclean shutdown of TCPConnection
Warning: Unclean shutdown of TCPConnection
Warning: Unclean shutdown of TCPConnection
Warning: Unclean shutdown of TCPConnection
Warning: Unclean shutdown of TCPConnection
Warning: Unclean shutdown of TCPConnection
Warning: Unclean shutdown of TCPConnection
Warning: Unclean shutdown of TCPConnection
Warning: Unclean shutdown of TCPConnection
Warning: Unclean shutdown of TCPConnection
Warning: Unclean shutdown of TCPConnection
Warning: Unclean shutdown of TCPConnection
Warning: Unclean shutdown of TCPConnection
Warning: Unclean shutdown of TCPConnection
Warning: Unclean shutdown of TCPConnection
Warning: Unclean shutdown of TCPConnection
Warning: Unclean shutdown of TCPConnection
Warning: Unclean shutdown of TCPConnection
Warning: Unclean shutdown of TCPConnection
Warning: Unclean shutdown of TCPConnection
Warning: Unclean shutdown of TCPConnection
Warning: Unclean shutdown of TCPConnection
Warning: Unclean shutdown of TCPConnection
Warning: Unclean shutdown of TCPConnection
Warning: Unclean shutdown of TCPConnection
Warning: Unclean shutdown of TCPConnection
Warning: Unclean shutdown of TCPConnection
Warning: Unclean shutdown of TCPConnection
Warning: Unclean shutdown of TCPConnection
Warning: Unclean shutdown of TCPConnection
Warning: Unclean shutdown of TCPConnection
Warning: Unclean shutdown of TCPConnection
Warning: Unclean shutdown of TCPConnection
Warning: Unclean shutdown of TCPConnection
Warning: Unclean shutdown of TCPConnection
Warning: Unclean shutdown of TCPConnection
Warning: Unclean shutdown of TCPConnection
Warning: Unclean shutdown of TCPConnection
Warning: Unclean shutdown of TCPConnection
Warning: Unclean shutdown of TCPConnection
Warning: Unclean shutdown of TCPConnection
Warning: Unclean shutdown of TCPConnection
Warning: Unclean shutdown of TCPConnection
Warning: Unclean shutdown of TCPConnection
Warning: Unclean shutdown of TCPConnection
Warning: Unclean shutdown of TCPConnection
Warning: Unclean shutdown of TCPConnection
Warning: Unclean shutdown of TCPConnection
Warning: Unclean shutdown of TCPConnection
Warning: Unclean shutdown of TCPConnection
<end of output>
Test time =   0.18 sec
----------------------------------------------------------
Test Passed.
"t_loopback" end time: Jun 27 13:22 CST
"t_loopback" time elapsed: 00:00:00
----------------------------------------------------------

46/164 Testing: t_loopback_win
46/164 Test: t_loopback_win
Command: "/home/gsh/csdiy/libsponge/build/tests/fsm_loopback_win"
Directory: /home/gsh/csdiy/libsponge/build
"t_loopback_win" start time: Jun 27 13:22 CST
Output:
----------------------------------------------------------
Warning: Unclean shutdown of TCPConnection
Warning: Unclean shutdown of TCPConnection
Warning: Unclean shutdown of TCPConnection
Warning: Unclean shutdown of TCPConnection
Warning: Unclean shutdown of TCPConnection
Warning: Unclean shutdown of TCPConnection
Warning: Unclean shutdown of TCPConnection
Warning: Unclean shutdown of TCPConnection
Warning: Unclean shutdown of TCPConnection
Warning: Unclean shutdown of TCPConnection
Warning: Unclean shutdown of TCPConnection
Warning: Unclean shutdown of TCPConnection
Warning: Unclean shutdown of TCPConnection
Warning: Unclean shutdown of TCPConnection
Warning: Unclean shutdown of TCPConnection
Warning: Unclean shutdown of TCPConnection
Warning: Unclean shutdown of TCPConnection
Warning: Unclean shutdown of TCPConnection
Warning: Unclean shutdown of TCPConnection
Warning: Unclean shutdown of TCPConnection
Warning: Unclean shutdown of TCPConnection
Warning: Unclean shutdown of TCPConnection
Warning: Unclean shutdown of TCPConnection
Warning: Unclean shutdown of TCPConnection
Warning: Unclean shutdown of TCPConnection
Warning: Unclean shutdown of TCPConnection
Warning: Unclean shutdown of TCPConnection
Warning: Unclean shutdown of TCPConnection
Warning: Unclean shutdown of TCPConnection
Warning: Unclean shutdown of TCPConnection
Warning: Unclean shutdown of TCPConnection
Warning: Unclean shutdown of TCPConnection
<end of output>
Test time =   0.09 sec
----------------------------------------------------------
Test Passed.
"t_loopback_win" end time: Jun 27 13:22 CST
"t_loopback_win" time elapsed: 00:00:00
----------------------------------------------------------

47/164 Testing: t_reorder
47/164 Test: t_reorder
Command: "/home/gsh/csdiy/libsponge/build/tests/fsm_reorder"
Directory: /home/gsh/csdiy/libsponge/build
"t_reorder" start time: Jun 27 13:22 CST
Output:
----------------------------------------------------------
Warning: Unclean shutdown of TCPConnection
Warning: Unclean shutdown of TCPConnection
Warning: Unclean shutdown of TCPConnection
Warning: Unclean shutdown of TCPConnection
Warning: Unclean shutdown of TCPConnection
Warning: Unclean shutdown of TCPConnection
Warning: Unclean shutdown of TCPConnection
Warning: Unclean shutdown of TCPConnection
Warning: Unclean shutdown of TCPConnection
Warning: Unclean shutdown of TCPConnection
Warning: Unclean shutdown of TCPConnection
Warning: Unclean shutdown of TCPConnection
Warning: Unclean shutdown of TCPConnection
Warning: Unclean shutdown of TCPConnection
Warning: Unclean shutdown of TCPConnection
Warning: Unclean shutdown of TCPConnection
Warning: Unclean shutdown of TCPConnection
Warning: Unclean shutdown of TCPConnection
Warning: Unclean shutdown of TCPConnection
Warning: Unclean shutdown of TCPConnection
Warning: Unclean shutdown of TCPConnection
Warning: Unclean shutdown of TCPConnection
Warning: Unclean shutdown of TCPConnection
Warning: Unclean shutdown of TCPConnection
Warning: Unclean shutdown of TCPConnection
Warning: Unclean shutdown of TCPConnection
Warning: Unclean shutdown of TCPConnection
Warning: Unclean shutdown of TCPConnection
Warning: Unclean shutdown of TCPConnection
Warning: Unclean shutdown of TCPConnection
Warning: Unclean shutdown of TCPConnection
Warning: Unclean shutdown of TCPConnection
Warning: Unclean shutdown of TCPConnection
Warning: Unclean shutdown of TCPConnection
Warning: Unclean shutdown of TCPConnection
Warning: Unclean shutdown of TCPConnection
Warning: Unclean shutdown of TCPConnection
Warning: Unclean shutdown of TCPConnection
Warning: Unclean shutdown of TCPConnection
Warning: Unclean shutdown of TCPConnection
Warning: Unclean shutdown of TCPConnection
Warning: Unclean shutdown of TCPConnection
Warning: Unclean shutdown of TCPConnection
Warning: Unclean shutdown of TCPConnection
Warning: Unclean shutdown of TCPConnection
Warning: Unclean shutdown of TCPConnection
Warning: Unclean shutdown of TCPConnection
Warning: Unclean shutdown of TCPConnection
Warning: Unclean shutdown of TCPConnection
Warning: Unclean shutdown of TCPConnection
Warning: Unclean shutdown of TCPConnection
Warning: Unclean shutdown of TCPConnection
Warning: Unclean shutdown of TCPConnection
Warning: Unclean shutdown of TCPConnection
Warning: Unclean shutdown of TCPConnection
Warning: Unclean shutdown of TCPConnection
Warning: Unclean shutdown of TCPConnection
Warning: Unclean shutdown of TCPConnection
Warning: Unclean shutdown of TCPConnection
Warning: Unclean shutdown of TCPConnection
Warning: Unclean shutdown of TCPConnection
Warning: Unclean shutdown of TCPConnection
Warning: Unclean shutdown of TCPConnection
Warning: Unclean shutdown of TCPConnection
<end of output>
Test time =   0.19 sec
----------------------------------------------------------
Test Passed.
"t_reorder" end time: Jun 27 13:22 CST
"t_reorder" time elapsed: 00:00:00
----------------------------------------------------------

48/164 Testing: t_address_dt
48/164 Test: t_address_dt
Command: "/home/gsh/csdiy/libsponge/build/doctests/address_dt"
Directory: /home/gsh/csdiy/libsponge/build
"t_address_dt" start time: Jun 27 13:22 CST
Output:
----------------------------------------------------------
<end of output>
Test time =   0.01 sec
----------------------------------------------------------
Test Passed.
"t_address_dt" end time: Jun 27 13:22 CST
"t_address_dt" time elapsed: 00:00:00
----------------------------------------------------------

49/164 Testing: t_parser_dt
49/164 Test: t_parser_dt
Command: "/home/gsh/csdiy/libsponge/build/doctests/parser_dt"
Directory: /home/gsh/csdiy/libsponge/build
"t_parser_dt" start time: Jun 27 13:22 CST
Output:
----------------------------------------------------------
<end of output>
Test time =   0.00 sec
----------------------------------------------------------
Test Passed.
"t_parser_dt" end time: Jun 27 13:22 CST
"t_parser_dt" time elapsed: 00:00:00
----------------------------------------------------------

50/164 Testing: t_socket_dt
50/164 Test: t_socket_dt
Command: "/home/gsh/csdiy/libsponge/build/doctests/socket_dt"
Directory: /home/gsh/csdiy/libsponge/build
"t_socket_dt" start time: Jun 27 13:22 CST
Output:
----------------------------------------------------------
<end of output>
Test time =   0.01 sec
----------------------------------------------------------
Test Passed.
"t_socket_dt" end time: Jun 27 13:22 CST
"t_socket_dt" time elapsed: 00:00:00
----------------------------------------------------------

51/164 Testing: t_udp_client_send
51/164 Test: t_udp_client_send
Command: "/home/gsh/csdiy/libsponge/txrx.sh" "-ucS"
Directory: /home/gsh/csdiy/libsponge/build
"t_udp_client_send" start time: Jun 27 13:22 CST
Output:
----------------------------------------------------------
DEBUG: Listening for incoming connection... DEBUG: Connecting to 169.254.144.1:29233... done.
new connection from 169.254.144.1:48369.
DEBUG: Outbound stream to 169.254.144.1:48369 finished (1 byte still in flight).
DEBUG: Inbound stream from 169.254.144.1:29233 finished cleanly.
DEBUG: Outbound stream to 169.254.144.1:48369 has been fully acknowledged.
DEBUG: Outbound stream to 169.254.144.1:29233 finished (33 bytes still in flight).
DEBUG: Waiting for clean shutdown... DEBUG: Inbound stream from 169.254.144.1:48369 finished cleanly.
DEBUG: Waiting for lingering segments (e.g. retransmissions of FIN) from peer...
DEBUG: Outbound stream to 169.254.144.1:29233 has been fully acknowledged.
DEBUG: TCP connection finished cleanly.
done.
DEBUG: Waiting for clean shutdown... DEBUG: TCP connection finished cleanly.
done.
<end of output>
Test time =   0.25 sec
----------------------------------------------------------
Test Passed.
"t_udp_client_send" end time: Jun 27 13:22 CST
"t_udp_client_send" time elapsed: 00:00:00
----------------------------------------------------------

52/164 Testing: t_udp_server_send
52/164 Test: t_udp_server_send
Command: "/home/gsh/csdiy/libsponge/txrx.sh" "-usS"
Directory: /home/gsh/csdiy/libsponge/build
"t_udp_server_send" start time: Jun 27 13:22 CST
Output:
----------------------------------------------------------
DEBUG: Listening for incoming connection... DEBUG: Connecting to 169.254.144.1:3120... done.
new connection from 169.254.144.1:51772.
DEBUG: Outbound stream to 169.254.144.1:3120 finished (1 byte still in flight).
DEBUG: Inbound stream from 169.254.144.1:51772 finished cleanly.
DEBUG: Outbound stream to 169.254.144.1:3120 has been fully acknowledged.
DEBUG: Waiting for clean shutdown... DEBUG: Outbound stream to 169.254.144.1:51772 finished (33 bytes still in flight).
DEBUG: Inbound stream from 169.254.144.1:3120 finished cleanly.
DEBUG: Waiting for lingering segments (e.g. retransmissions of FIN) from peer...
DEBUG: Outbound stream to 169.254.144.1:51772 has been fully acknowledged.
DEBUG: TCP connection finished cleanly.
done.
DEBUG: Waiting for clean shutdown... DEBUG: TCP connection finished cleanly.
done.
<end of output>
Test time =   0.25 sec
----------------------------------------------------------
Test Passed.
"t_udp_server_send" end time: Jun 27 13:22 CST
"t_udp_server_send" time elapsed: 00:00:00
----------------------------------------------------------

53/164 Testing: t_udp_client_recv
53/164 Test: t_udp_client_recv
Command: "/home/gsh/csdiy/libsponge/txrx.sh" "-ucR"
Directory: /home/gsh/csdiy/libsponge/build
"t_udp_client_recv" start time: Jun 27 13:22 CST
Output:
----------------------------------------------------------
DEBUG: Listening for incoming connection... DEBUG: Connecting to 169.254.144.1:18596... done.
new connection from 169.254.144.1:57533.
DEBUG: Outbound stream to 169.254.144.1:18596 finished (1 byte still in flight).
DEBUG: Inbound stream from 169.254.144.1:57533 finished cleanly.
DEBUG: Outbound stream to 169.254.144.1:18596 has been fully acknowledged.
DEBUG: Waiting for clean shutdown... DEBUG: Outbound stream to 169.254.144.1:57533 finished (33 bytes still in flight).
DEBUG: Inbound stream from 169.254.144.1:18596 finished cleanly.
DEBUG: Waiting for lingering segments (e.g. retransmissions of FIN) from peer...
DEBUG: Outbound stream to 169.254.144.1:57533 has been fully acknowledged.
DEBUG: TCP connection finished cleanly.
done.
DEBUG: Waiting for clean shutdown... DEBUG: TCP connection finished cleanly.
done.
<end of output>
Test time =   0.25 sec
----------------------------------------------------------
Test Passed.
"t_udp_client_recv" end time: Jun 27 13:22 CST
"t_udp_client_recv" time elapsed: 00:00:00
----------------------------------------------------------

54/164 Testing: t_udp_server_recv
54/164 Test: t_udp_server_recv
Command: "/home/gsh/csdiy/libsponge/txrx.sh" "-usR"
Directory: /home/gsh/csdiy/libsponge/build
"t_udp_server_recv" start time: Jun 27 13:22 CST
Output:
----------------------------------------------------------
DEBUG: Listening for incoming connection... DEBUG: Connecting to 169.254.144.1:11162... done.
new connection from 169.254.144.1:52241.
DEBUG: Outbound stream to 169.254.144.1:52241 finished (1 byte still in flight).
DEBUG: Inbound stream from 169.254.144.1:11162 finished cleanly.
DEBUG: Outbound stream to 169.254.144.1:52241 has been fully acknowledged.
DEBUG: Outbound stream to 169.254.144.1:11162 finished (33 bytes still in flight).
DEBUG: Waiting for clean shutdown... DEBUG: Inbound stream from 169.254.144.1:52241 finished cleanly.
DEBUG: Waiting for lingering segments (e.g. retransmissions of FIN) from peer...
DEBUG: Outbound stream to 169.254.144.1:11162 has been fully acknowledged.
DEBUG: TCP connection finished cleanly.
done.
DEBUG: Waiting for clean shutdown... DEBUG: TCP connection finished cleanly.
done.
<end of output>
Test time =   0.25 sec
----------------------------------------------------------
Test Passed.
"t_udp_server_recv" end time: Jun 27 13:22 CST
"t_udp_server_recv" time elapsed: 00:00:00
----------------------------------------------------------

55/164 Testing: t_udp_client_dupl
55/164 Test: t_udp_client_dupl
Command: "/home/gsh/csdiy/libsponge/txrx.sh" "-ucD"
Directory: /home/gsh/csdiy/libsponge/build
"t_udp_client_dupl" start time: Jun 27 13:22 CST
Output:
----------------------------------------------------------
DEBUG: Listening for incoming connection... DEBUG: Connecting to 169.254.144.1:13791... done.
new connection from 169.254.144.1:46058.
DEBUG: Outbound stream to 169.254.144.1:13791 finished (33 bytes still in flight).
DEBUG: Inbound stream from 169.254.144.1:46058 finished cleanly.
DEBUG: Outbound stream to 169.254.144.1:13791 has been fully acknowledged.
DEBUG: Outbound stream to 169.254.144.1:46058 finished (33 bytes still in flight).
DEBUG: Waiting for clean shutdown... DEBUG: Inbound stream from 169.254.144.1:13791 finished cleanly.
DEBUG: Waiting for lingering segments (e.g. retransmissions of FIN) from peer...
DEBUG: Outbound stream to 169.254.144.1:46058 has been fully acknowledged.
DEBUG: TCP connection finished cleanly.
done.
DEBUG: Waiting for clean shutdown... DEBUG: TCP connection finished cleanly.
done.
<end of output>
Test time =   0.26 sec
----------------------------------------------------------
Test Passed.
"t_udp_client_dupl" end time: Jun 27 13:22 CST
"t_udp_client_dupl" time elapsed: 00:00:00
----------------------------------------------------------

56/164 Testing: t_udp_server_dupl
56/164 Test: t_udp_server_dupl
Command: "/home/gsh/csdiy/libsponge/txrx.sh" "-usD"
Directory: /home/gsh/csdiy/libsponge/build
"t_udp_server_dupl" start time: Jun 27 13:22 CST
Output:
----------------------------------------------------------
DEBUG: Listening for incoming connection... DEBUG: Connecting to 169.254.144.1:27781... done.
new connection from 169.254.144.1:34696.
DEBUG: Outbound stream to 169.254.144.1:27781 finished (33 bytes still in flight).
DEBUG: Inbound stream from 169.254.144.1:34696 finished cleanly.
DEBUG: Outbound stream to 169.254.144.1:27781 has been fully acknowledged.
DEBUG: Outbound stream to 169.254.144.1:34696 finished (33 bytes still in flight).
DEBUG: Inbound stream from 169.254.144.1:27781 finished cleanly.
DEBUG: Waiting for clean shutdown... DEBUG: Waiting for lingering segments (e.g. retransmissions of FIN) from peer...
DEBUG: Outbound stream to 169.254.144.1:34696 has been fully acknowledged.
DEBUG: TCP connection finished cleanly.
done.
DEBUG: Waiting for clean shutdown... DEBUG: TCP connection finished cleanly.
done.
<end of output>
Test time =   0.26 sec
----------------------------------------------------------
Test Passed.
"t_udp_server_dupl" end time: Jun 27 13:22 CST
"t_udp_server_dupl" time elapsed: 00:00:00
----------------------------------------------------------

57/164 Testing: t_ucS_1M_32k
57/164 Test: t_ucS_1M_32k
Command: "/home/gsh/csdiy/libsponge/txrx.sh" "-ucSd" "1M" "-w" "32K"
Directory: /home/gsh/csdiy/libsponge/build
"t_ucS_1M_32k" start time: Jun 27 13:22 CST
Output:
----------------------------------------------------------
DEBUG: Listening for incoming connection... DEBUG: Connecting to 169.254.144.1:24965... done.
new connection from 169.254.144.1:34676.
DEBUG: Outbound stream to 169.254.144.1:34676 finished (1 byte still in flight).
DEBUG: Inbound stream from 169.254.144.1:24965 finished cleanly.
DEBUG: Outbound stream to 169.254.144.1:34676 has been fully acknowledged.
DEBUG: Waiting for clean shutdown... DEBUG: Outbound stream to 169.254.144.1:24965 finished (31316 bytes still in flight).
DEBUG: Inbound stream from 169.254.144.1:34676 finished cleanly.
DEBUG: Waiting for lingering segments (e.g. retransmissions of FIN) from peer...
DEBUG: Outbound stream to 169.254.144.1:24965 has been fully acknowledged.
DEBUG: Waiting for clean shutdown... DEBUG: TCP connection finished cleanly.
done.
<end of output>
Test time =  10.02 sec
----------------------------------------------------------
Test Failed.
"t_ucS_1M_32k" end time: Jun 27 13:23 CST
"t_ucS_1M_32k" time elapsed: 00:00:10
----------------------------------------------------------

58/164 Testing: t_ucS_128K_8K
58/164 Test: t_ucS_128K_8K
Command: "/home/gsh/csdiy/libsponge/txrx.sh" "-ucSd" "128K" "-w" "8K"
Directory: /home/gsh/csdiy/libsponge/build
"t_ucS_128K_8K" start time: Jun 27 13:23 CST
Output:
----------------------------------------------------------
DEBUG: Listening for incoming connection... DEBUG: Connecting to 169.254.144.1:15016... done.
new connection from 169.254.144.1:54025.
DEBUG: Outbound stream to 169.254.144.1:54025 finished (1 byte still in flight).
DEBUG: Inbound stream from 169.254.144.1:15016 finished cleanly.
DEBUG: Outbound stream to 169.254.144.1:54025 has been fully acknowledged.
DEBUG: Waiting for clean shutdown... DEBUG: Outbound stream to 169.254.144.1:15016 finished (6740 bytes still in flight).
DEBUG: Inbound stream from 169.254.144.1:54025 finished cleanly.
DEBUG: Waiting for lingering segments (e.g. retransmissions of FIN) from peer...
DEBUG: Outbound stream to 169.254.144.1:15016 has been fully acknowledged.
DEBUG: TCP connection finished cleanly.
done.
DEBUG: Waiting for clean shutdown... DEBUG: TCP connection finished cleanly.
done.
<end of output>
Test time =   0.27 sec
----------------------------------------------------------
Test Passed.
"t_ucS_128K_8K" end time: Jun 27 13:23 CST
"t_ucS_128K_8K" time elapsed: 00:00:00
----------------------------------------------------------

59/164 Testing: t_ucS_16_1
59/164 Test: t_ucS_16_1
Command: "/home/gsh/csdiy/libsponge/txrx.sh" "-ucSd" "16" "-w" "1"
Directory: /home/gsh/csdiy/libsponge/build
"t_ucS_16_1" start time: Jun 27 13:23 CST
Output:
----------------------------------------------------------
DEBUG: Listening for incoming connection... DEBUG: Connecting to 169.254.144.1:15281... done.
new connection from 169.254.144.1:37091.
DEBUG: Outbound stream to 169.254.144.1:37091 finished (1 byte still in flight).
DEBUG: Inbound stream from 169.254.144.1:15281 finished cleanly.
DEBUG: Outbound stream to 169.254.144.1:37091 has been fully acknowledged.
DEBUG: Outbound stream to 169.254.144.1:15281 finished (1 byte still in flight).
DEBUG: Waiting for clean shutdown... DEBUG: Inbound stream from 169.254.144.1:37091 finished cleanly.
DEBUG: Waiting for lingering segments (e.g. retransmissions of FIN) from peer...
DEBUG: Outbound stream to 169.254.144.1:15281 has been fully acknowledged.
DEBUG: TCP connection finished cleanly.
done.
DEBUG: Waiting for clean shutdown... DEBUG: TCP connection finished cleanly.
done.
<end of output>
Test time =   0.26 sec
----------------------------------------------------------
Test Passed.
"t_ucS_16_1" end time: Jun 27 13:23 CST
"t_ucS_16_1" time elapsed: 00:00:00
----------------------------------------------------------

60/164 Testing: t_ucS_32K_d
60/164 Test: t_ucS_32K_d
Command: "/home/gsh/csdiy/libsponge/txrx.sh" "-ucSd" "32K"
Directory: /home/gsh/csdiy/libsponge/build
"t_ucS_32K_d" start time: Jun 27 13:23 CST
Output:
----------------------------------------------------------
DEBUG: Listening for incoming connection... DEBUG: Connecting to 169.254.144.1:21753... done.
new connection from 169.254.144.1:40190.
DEBUG: Outbound stream to 169.254.144.1:40190 finished (1 byte still in flight).
DEBUG: Inbound stream from 169.254.144.1:21753 finished cleanly.
DEBUG: Outbound stream to 169.254.144.1:40190 has been fully acknowledged.
DEBUG: Waiting for clean shutdown... DEBUG: Outbound stream to 169.254.144.1:21753 finished (32769 bytes still in flight).
DEBUG: Inbound stream from 169.254.144.1:40190 finished cleanly.
DEBUG: Waiting for lingering segments (e.g. retransmissions of FIN) from peer...
DEBUG: Outbound stream to 169.254.144.1:21753 has been fully acknowledged.
DEBUG: TCP connection finished cleanly.
done.
DEBUG: Waiting for clean shutdown... DEBUG: TCP connection finished cleanly.
done.
<end of output>
Test time =   0.26 sec
----------------------------------------------------------
Test Passed.
"t_ucS_32K_d" end time: Jun 27 13:23 CST
"t_ucS_32K_d" time elapsed: 00:00:00
----------------------------------------------------------

61/164 Testing: t_ucR_1M_32k
61/164 Test: t_ucR_1M_32k
Command: "/home/gsh/csdiy/libsponge/txrx.sh" "-ucRd" "1M" "-w" "32K"
Directory: /home/gsh/csdiy/libsponge/build
"t_ucR_1M_32k" start time: Jun 27 13:23 CST
Output:
----------------------------------------------------------
DEBUG: Listening for incoming connection... DEBUG: Connecting to 169.254.144.1:27962... done.
new connection from 169.254.144.1:46464.
DEBUG: Outbound stream to 169.254.144.1:27962 finished (1 byte still in flight).
DEBUG: Inbound stream from 169.254.144.1:46464 finished cleanly.
DEBUG: Outbound stream to 169.254.144.1:27962 has been fully acknowledged.
DEBUG: Waiting for clean shutdown... DEBUG: Outbound stream to 169.254.144.1:46464 finished (31316 bytes still in flight).
DEBUG: Inbound stream from 169.254.144.1:27962 finished cleanly.
DEBUG: Waiting for lingering segments (e.g. retransmissions of FIN) from peer...
DEBUG: Outbound stream to 169.254.144.1:46464 has been fully acknowledged.
DEBUG: Waiting for clean shutdown... DEBUG: TCP connection finished cleanly.
done.
<end of output>
Test time =  10.02 sec
----------------------------------------------------------
Test Failed.
"t_ucR_1M_32k" end time: Jun 27 13:23 CST
"t_ucR_1M_32k" time elapsed: 00:00:10
----------------------------------------------------------

62/164 Testing: t_ucR_128K_8K
62/164 Test: t_ucR_128K_8K
Command: "/home/gsh/csdiy/libsponge/txrx.sh" "-ucRd" "128K" "-w" "8K"
Directory: /home/gsh/csdiy/libsponge/build
"t_ucR_128K_8K" start time: Jun 27 13:23 CST
Output:
----------------------------------------------------------
DEBUG: Listening for incoming connection... DEBUG: Connecting to 169.254.144.1:20082... done.
new connection from 169.254.144.1:37537.
DEBUG: Outbound stream to 169.254.144.1:20082 finished (1 byte still in flight).
DEBUG: Inbound stream from 169.254.144.1:37537 finished cleanly.
DEBUG: Outbound stream to 169.254.144.1:20082 has been fully acknowledged.
DEBUG: Waiting for clean shutdown... DEBUG: Outbound stream to 169.254.144.1:37537 finished (6740 bytes still in flight).
DEBUG: Inbound stream from 169.254.144.1:20082 finished cleanly.
DEBUG: Waiting for lingering segments (e.g. retransmissions of FIN) from peer...
DEBUG: Outbound stream to 169.254.144.1:37537 has been fully acknowledged.
DEBUG: TCP connection finished cleanly.
done.
DEBUG: Waiting for clean shutdown... DEBUG: TCP connection finished cleanly.
done.
<end of output>
Test time =   0.26 sec
----------------------------------------------------------
Test Passed.
"t_ucR_128K_8K" end time: Jun 27 13:23 CST
"t_ucR_128K_8K" time elapsed: 00:00:00
----------------------------------------------------------

63/164 Testing: t_ucR_16_1
63/164 Test: t_ucR_16_1
Command: "/home/gsh/csdiy/libsponge/txrx.sh" "-ucRd" "16" "-w" "1"
Directory: /home/gsh/csdiy/libsponge/build
"t_ucR_16_1" start time: Jun 27 13:23 CST
Output:
----------------------------------------------------------
DEBUG: Listening for incoming connection... DEBUG: Connecting to 169.254.144.1:23866... done.
new connection from 169.254.144.1:38146.
DEBUG: Outbound stream to 169.254.144.1:23866 finished (1 byte still in flight).
DEBUG: Inbound stream from 169.254.144.1:38146 finished cleanly.
DEBUG: Outbound stream to 169.254.144.1:23866 has been fully acknowledged.
DEBUG: Waiting for clean shutdown... DEBUG: Outbound stream to 169.254.144.1:38146 finished (1 byte still in flight).
DEBUG: Inbound stream from 169.254.144.1:23866 finished cleanly.
DEBUG: Waiting for lingering segments (e.g. retransmissions of FIN) from peer...
DEBUG: Outbound stream to 169.254.144.1:38146 has been fully acknowledged.
DEBUG: TCP connection finished cleanly.
done.
DEBUG: Waiting for clean shutdown... DEBUG: TCP connection finished cleanly.
done.
<end of output>
Test time =   0.26 sec
----------------------------------------------------------
Test Passed.
"t_ucR_16_1" end time: Jun 27 13:23 CST
"t_ucR_16_1" time elapsed: 00:00:00
----------------------------------------------------------

64/164 Testing: t_ucR_32K_d
64/164 Test: t_ucR_32K_d
Command: "/home/gsh/csdiy/libsponge/txrx.sh" "-ucRd" "32K"
Directory: /home/gsh/csdiy/libsponge/build
"t_ucR_32K_d" start time: Jun 27 13:23 CST
Output:
----------------------------------------------------------
DEBUG: Listening for incoming connection... DEBUG: Connecting to 169.254.144.1:19262... done.
new connection from 169.254.144.1:50439.
DEBUG: Outbound stream to 169.254.144.1:19262 finished (1 byte still in flight).
DEBUG: Inbound stream from 169.254.144.1:50439 finished cleanly.
DEBUG: Outbound stream to 169.254.144.1:19262 has been fully acknowledged.
DEBUG: Waiting for clean shutdown... DEBUG: Outbound stream to 169.254.144.1:50439 finished (32769 bytes still in flight).
DEBUG: Inbound stream from 169.254.144.1:19262 finished cleanly.
DEBUG: Waiting for lingering segments (e.g. retransmissions of FIN) from peer...
DEBUG: Outbound stream to 169.254.144.1:50439 has been fully acknowledged.
DEBUG: TCP connection finished cleanly.
done.
DEBUG: Waiting for clean shutdown... DEBUG: TCP connection finished cleanly.
done.
<end of output>
Test time =   0.26 sec
----------------------------------------------------------
Test Passed.
"t_ucR_32K_d" end time: Jun 27 13:23 CST
"t_ucR_32K_d" time elapsed: 00:00:00
----------------------------------------------------------

65/164 Testing: t_ucD_1M_32k
65/164 Test: t_ucD_1M_32k
Command: "/home/gsh/csdiy/libsponge/txrx.sh" "-ucDd" "1M" "-w" "32K"
Directory: /home/gsh/csdiy/libsponge/build
"t_ucD_1M_32k" start time: Jun 27 13:23 CST
Output:
----------------------------------------------------------
DEBUG: Listening for incoming connection... DEBUG: Connecting to 169.254.144.1:16860... done.
new connection from 169.254.144.1:43944.
DEBUG: Outbound stream to 169.254.144.1:16860 finished (31316 bytes still in flight).
DEBUG: Outbound stream to 169.254.144.1:43944 finished (31316 bytes still in flight).
DEBUG: Outbound stream to DEBUG: Inbound stream from 169.254.144.1:43944 finished cleanly.
169.254.144.1:16860 has been fully acknowledged.
DEBUG: Inbound stream from 169.254.144.1:16860 finished cleanly.
DEBUG: Waiting for lingering segments (e.g. retransmissions of FIN) from peer...
DEBUG: Waiting for clean shutdown... DEBUG: Waiting for clean shutdown... DEBUG: TCP connection finished uncleanlyDEBUG: TCP connection finished uncleanlydone.
done.
ERROR: c329367837795bec0e55d86d8b88aa5a11d85e9ca7d29efb7e92287e75e1b6a4 neq c329367837795bec0e55d86d8b88aa5a11d85e9ca7d29efb7e92287e75e1b6a4 or ce87cfd2497bbb0782393da5e0d4dfc0609bf2068c2d901564a69ee5ae57a2e9
<end of output>
Test time =   6.37 sec
----------------------------------------------------------
Test Failed.
"t_ucD_1M_32k" end time: Jun 27 13:23 CST
"t_ucD_1M_32k" time elapsed: 00:00:06
----------------------------------------------------------

66/164 Testing: t_ucD_128K_8K
66/164 Test: t_ucD_128K_8K
Command: "/home/gsh/csdiy/libsponge/txrx.sh" "-ucDd" "128K" "-w" "8K"
Directory: /home/gsh/csdiy/libsponge/build
"t_ucD_128K_8K" start time: Jun 27 13:23 CST
Output:
----------------------------------------------------------
DEBUG: Listening for incoming connection... DEBUG: Connecting to 169.254.144.1:14865... done.
new connection from 169.254.144.1:45504.
DEBUG: Outbound stream to DEBUG: Outbound stream to 169.254.144.1:14865169.254.144.1:45504 finished ( finished (67406740 byte bytess still in flight).
 still in flight).
DEBUG: Inbound stream from 169.254.144.1:14865 finished cleanly.
DEBUG: Outbound stream to 169.254.144.1:45504 has been fully acknowledged.
DEBUG: Waiting for clean shutdown... DEBUG: Inbound stream from 169.254.144.1:45504 finished cleanly.
DEBUG: Waiting for lingering segments (e.g. retransmissions of FIN) from peer...
DEBUG: Outbound stream to 169.254.144.1:14865 has been fully acknowledged.
DEBUG: Waiting for clean shutdown... DEBUG: TCP connection finished cleanly.
done.
<end of output>
Test time =  10.02 sec
----------------------------------------------------------
Test Failed.
"t_ucD_128K_8K" end time: Jun 27 13:23 CST
"t_ucD_128K_8K" time elapsed: 00:00:10
----------------------------------------------------------

67/164 Testing: t_ucD_16_1
67/164 Test: t_ucD_16_1
Command: "/home/gsh/csdiy/libsponge/txrx.sh" "-ucDd" "16" "-w" "1"
Directory: /home/gsh/csdiy/libsponge/build
"t_ucD_16_1" start time: Jun 27 13:23 CST
Output:
----------------------------------------------------------
DEBUG: Listening for incoming connection... DEBUG: Connecting to 169.254.144.1:8395... done.
new connection from 169.254.144.1:41502.
DEBUG: Outbound stream to 169.254.144.1:8395 finished (1 byte still in flight).
DEBUG: Outbound stream to 169.254.144.1:41502 finished (1 byte still in flight).
DEBUG: Inbound stream from 169.254.144.1:41502 finished cleanly.
DEBUG: Waiting for clean shutdown... DEBUG: Outbound stream to 169.254.144.1:8395 has been fully acknowledged.
DEBUG: Inbound stream from 169.254.144.1:8395 finished cleanly.
DEBUG: Waiting for lingering segments (e.g. retransmissions of FIN) from peer...
DEBUG: Outbound stream to 169.254.144.1:41502 has been fully acknowledged.
DEBUG: TCP connection finished cleanly.
done.
DEBUG: Waiting for clean shutdown... DEBUG: TCP connection finished cleanly.
done.
<end of output>
Test time =   0.27 sec
----------------------------------------------------------
Test Passed.
"t_ucD_16_1" end time: Jun 27 13:23 CST
"t_ucD_16_1" time elapsed: 00:00:00
----------------------------------------------------------

68/164 Testing: t_ucD_32K_d
68/164 Test: t_ucD_32K_d
Command: "/home/gsh/csdiy/libsponge/txrx.sh" "-ucDd" "32K"
Directory: /home/gsh/csdiy/libsponge/build
"t_ucD_32K_d" start time: Jun 27 13:23 CST
Output:
----------------------------------------------------------
DEBUG: Listening for incoming connection... DEBUG: Connecting to 169.254.144.1:24634... done.
new connection from 169.254.144.1:45262.
DEBUG: Outbound stream to 169.254.144.1:24634 finished (32769 bytes still in flight).
DEBUG: Outbound stream to 169.254.144.1:45262 finished (32769 bytes still in flight).
DEBUG: Inbound stream from 169.254.144.1:24634 finished cleanly.
DEBUG: Waiting for clean shutdown... DEBUG: Inbound stream from 169.254.144.1:45262 finished cleanly.
DEBUG: Outbound stream to 169.254.144.1:24634 has been fully acknowledged.
DEBUG: Waiting for clean shutdown... DEBUG: Outbound stream to 169.254.144.1:45262 has been fully acknowledged.
DEBUG: TCP connection finished cleanly.
done.
DEBUG: TCP connection finished cleanly.
done.
<end of output>
Test time =   0.26 sec
----------------------------------------------------------
Test Passed.
"t_ucD_32K_d" end time: Jun 27 13:23 CST
"t_ucD_32K_d" time elapsed: 00:00:00
----------------------------------------------------------

69/164 Testing: t_usS_1M_32k
69/164 Test: t_usS_1M_32k
Command: "/home/gsh/csdiy/libsponge/txrx.sh" "-usSd" "1M" "-w" "32K"
Directory: /home/gsh/csdiy/libsponge/build
"t_usS_1M_32k" start time: Jun 27 13:23 CST
Output:
----------------------------------------------------------
DEBUG: Listening for incoming connection... DEBUG: Connecting to 169.254.144.1:5875... done.
new connection from 169.254.144.1:39704.
DEBUG: Outbound stream to 169.254.144.1:5875 finished (1 byte still in flight).
DEBUG: Inbound stream from 169.254.144.1:39704 finished cleanly.
DEBUG: Outbound stream to 169.254.144.1:5875 has been fully acknowledged.
DEBUG: Waiting for clean shutdown... DEBUG: Outbound stream to 169.254.144.1:39704 finished (31316 bytes still in flight).
DEBUG: Inbound stream from 169.254.144.1:5875 finished cleanly.
DEBUG: Waiting for lingering segments (e.g. retransmissions of FIN) from peer...
DEBUG: Outbound stream to 169.254.144.1:39704 has been fully acknowledged.
DEBUG: Waiting for clean shutdown... DEBUG: TCP connection finished cleanly.
done.
<end of output>
Test time =  10.02 sec
----------------------------------------------------------
Test Failed.
"t_usS_1M_32k" end time: Jun 27 13:23 CST
"t_usS_1M_32k" time elapsed: 00:00:10
----------------------------------------------------------

70/164 Testing: t_usS_128K_8K
70/164 Test: t_usS_128K_8K
Command: "/home/gsh/csdiy/libsponge/txrx.sh" "-usSd" "128K" "-w" "8K"
Directory: /home/gsh/csdiy/libsponge/build
"t_usS_128K_8K" start time: Jun 27 13:23 CST
Output:
----------------------------------------------------------
DEBUG: Listening for incoming connection... DEBUG: Connecting to 169.254.144.1:2348... done.
new connection from 169.254.144.1:43828.
DEBUG: Outbound stream to 169.254.144.1:2348 finished (1 byte still in flight).
DEBUG: Inbound stream from 169.254.144.1:43828 finished cleanly.
DEBUG: Outbound stream to 169.254.144.1:2348 has been fully acknowledged.
DEBUG: Waiting for clean shutdown... DEBUG: Outbound stream to 169.254.144.1:43828 finished (5288 bytes still in flight).
DEBUG: Inbound stream from 169.254.144.1:2348 finished cleanly.
DEBUG: Waiting for lingering segments (e.g. retransmissions of FIN) from peer...
DEBUG: Outbound stream to 169.254.144.1:43828 has been fully acknowledged.
DEBUG: TCP connection finished cleanly.
done.
DEBUG: Waiting for clean shutdown... DEBUG: TCP connection finished cleanly.
done.
<end of output>
Test time =   0.27 sec
----------------------------------------------------------
Test Passed.
"t_usS_128K_8K" end time: Jun 27 13:23 CST
"t_usS_128K_8K" time elapsed: 00:00:00
----------------------------------------------------------

71/164 Testing: t_usS_16_1
71/164 Test: t_usS_16_1
Command: "/home/gsh/csdiy/libsponge/txrx.sh" "-usSd" "16" "-w" "1"
Directory: /home/gsh/csdiy/libsponge/build
"t_usS_16_1" start time: Jun 27 13:23 CST
Output:
----------------------------------------------------------
DEBUG: Listening for incoming connection... DEBUG: Connecting to 169.254.144.1:5461... done.
new connection from 169.254.144.1:41564.
DEBUG: Outbound stream to 169.254.144.1:5461 finished (1 byte still in flight).
DEBUG: Inbound stream from 169.254.144.1:41564 finished cleanly.
DEBUG: Outbound stream to 169.254.144.1:5461 has been fully acknowledged.
DEBUG: Waiting for clean shutdown... DEBUG: Outbound stream to 169.254.144.1:41564 finished (1 byte still in flight).
DEBUG: Inbound stream from 169.254.144.1:5461 finished cleanly.
DEBUG: Waiting for lingering segments (e.g. retransmissions of FIN) from peer...
DEBUG: Outbound stream to 169.254.144.1:41564 has been fully acknowledged.
DEBUG: TCP connection finished cleanly.
done.
DEBUG: Waiting for clean shutdown... DEBUG: TCP connection finished cleanly.
done.
<end of output>
Test time =   0.26 sec
----------------------------------------------------------
Test Passed.
"t_usS_16_1" end time: Jun 27 13:23 CST
"t_usS_16_1" time elapsed: 00:00:00
----------------------------------------------------------

72/164 Testing: t_usS_32K_d
72/164 Test: t_usS_32K_d
Command: "/home/gsh/csdiy/libsponge/txrx.sh" "-usSd" "32K"
Directory: /home/gsh/csdiy/libsponge/build
"t_usS_32K_d" start time: Jun 27 13:23 CST
Output:
----------------------------------------------------------
DEBUG: Listening for incoming connection... DEBUG: Connecting to 169.254.144.1:15880... done.
new connection from 169.254.144.1:51088.
DEBUG: Outbound stream to 169.254.144.1:15880 finished (1 byte still in flight).
DEBUG: Inbound stream from 169.254.144.1:51088 finished cleanly.
DEBUG: Outbound stream to 169.254.144.1:15880 has been fully acknowledged.
DEBUG: Waiting for clean shutdown... DEBUG: Outbound stream to 169.254.144.1:51088 finished (32769 bytes still in flight).
DEBUG: Inbound stream from 169.254.144.1:15880 finished cleanly.
DEBUG: Waiting for lingering segments (e.g. retransmissions of FIN) from peer...
DEBUG: Outbound stream to 169.254.144.1:51088 has been fully acknowledged.
DEBUG: TCP connection finished cleanly.
done.
DEBUG: Waiting for clean shutdown... DEBUG: TCP connection finished cleanly.
done.
<end of output>
Test time =   0.26 sec
----------------------------------------------------------
Test Passed.
"t_usS_32K_d" end time: Jun 27 13:23 CST
"t_usS_32K_d" time elapsed: 00:00:00
----------------------------------------------------------

73/164 Testing: t_usR_1M_32k
73/164 Test: t_usR_1M_32k
Command: "/home/gsh/csdiy/libsponge/txrx.sh" "-usRd" "1M" "-w" "32K"
Directory: /home/gsh/csdiy/libsponge/build
"t_usR_1M_32k" start time: Jun 27 13:23 CST
Output:
----------------------------------------------------------
DEBUG: Listening for incoming connection... DEBUG: Connecting to 169.254.144.1:27350... done.
new connection from 169.254.144.1:46952.
DEBUG: Outbound stream to 169.254.144.1:46952 finished (1 byte still in flight).
DEBUG: Inbound stream from 169.254.144.1:27350 finished cleanly.
DEBUG: Outbound stream to 169.254.144.1:46952 has been fully acknowledged.
DEBUG: Waiting for clean shutdown... DEBUG: Outbound stream to 169.254.144.1:27350 finished (31316 bytes still in flight).
DEBUG: Inbound stream from 169.254.144.1:46952 finished cleanly.
DEBUG: Waiting for lingering segments (e.g. retransmissions of FIN) from peer...
DEBUG: Waiting for clean shutdown... DEBUG: TCP connection finished DEBUG: TCP connection finished uncleanlyuncleanlydone.
done.
ERROR: 2f2c6628c4d0fb33beaf16a26eb17a0998c460495f24a3043302d2e35c905446 neq 05031783b7eb20559a09d18e60788531df0ebbe2fdb9aa2823e113b23e90ba57 or 
<end of output>
Test time =   6.33 sec
----------------------------------------------------------
Test Failed.
"t_usR_1M_32k" end time: Jun 27 13:23 CST
"t_usR_1M_32k" time elapsed: 00:00:06
----------------------------------------------------------

74/164 Testing: t_usR_128K_8K
74/164 Test: t_usR_128K_8K
Command: "/home/gsh/csdiy/libsponge/txrx.sh" "-usRd" "128K" "-w" "8K"
Directory: /home/gsh/csdiy/libsponge/build
"t_usR_128K_8K" start time: Jun 27 13:23 CST
Output:
----------------------------------------------------------
DEBUG: Listening for incoming connection... DEBUG: Connecting to 169.254.144.1:27518... done.
new connection from 169.254.144.1:55783.
DEBUG: Outbound stream to 169.254.144.1:55783 finished (1 byte still in flight).
DEBUG: Inbound stream from 169.254.144.1:27518 finished cleanly.
DEBUG: Outbound stream to 169.254.144.1:55783 has been fully acknowledged.
DEBUG: Waiting for clean shutdown... DEBUG: Outbound stream to 169.254.144.1:27518 finished (6740 bytes still in flight).
DEBUG: Inbound stream from 169.254.144.1:55783 finished cleanly.
DEBUG: Waiting for lingering segments (e.g. retransmissions of FIN) from peer...
DEBUG: Outbound stream to 169.254.144.1:27518 has been fully acknowledged.
DEBUG: TCP connection finished cleanly.
done.
DEBUG: Waiting for clean shutdown... DEBUG: TCP connection finished cleanly.
done.
<end of output>
Test time =   0.27 sec
----------------------------------------------------------
Test Passed.
"t_usR_128K_8K" end time: Jun 27 13:23 CST
"t_usR_128K_8K" time elapsed: 00:00:00
----------------------------------------------------------

75/164 Testing: t_usR_16_1
75/164 Test: t_usR_16_1
Command: "/home/gsh/csdiy/libsponge/txrx.sh" "-usRd" "16" "-w" "1"
Directory: /home/gsh/csdiy/libsponge/build
"t_usR_16_1" start time: Jun 27 13:23 CST
Output:
----------------------------------------------------------
DEBUG: Listening for incoming connection... DEBUG: Connecting to 169.254.144.1:23509... done.
new connection from 169.254.144.1:35586.
DEBUG: Outbound stream to 169.254.144.1:35586 finished (1 byte still in flight).
DEBUG: Inbound stream from 169.254.144.1:23509 finished cleanly.
DEBUG: Outbound stream to 169.254.144.1:35586 has been fully acknowledged.
DEBUG: Outbound stream to 169.254.144.1:23509 finished (1 byte still in flight).
DEBUG: Waiting for clean shutdown... DEBUG: Inbound stream from 169.254.144.1:35586 finished cleanly.
DEBUG: Waiting for lingering segments (e.g. retransmissions of FIN) from peer...
DEBUG: Outbound stream to 169.254.144.1:23509 has been fully acknowledged.
DEBUG: TCP connection finished cleanly.
done.
DEBUG: Waiting for clean shutdown... DEBUG: TCP connection finished cleanly.
done.
<end of output>
Test time =   0.26 sec
----------------------------------------------------------
Test Passed.
"t_usR_16_1" end time: Jun 27 13:23 CST
"t_usR_16_1" time elapsed: 00:00:00
----------------------------------------------------------

76/164 Testing: t_usR_32K_d
76/164 Test: t_usR_32K_d
Command: "/home/gsh/csdiy/libsponge/txrx.sh" "-usRd" "32K"
Directory: /home/gsh/csdiy/libsponge/build
"t_usR_32K_d" start time: Jun 27 13:23 CST
Output:
----------------------------------------------------------
DEBUG: Listening for incoming connection... DEBUG: Connecting to 169.254.144.1:1733... done.
new connection from 169.254.144.1:59625.
DEBUG: Outbound stream to 169.254.144.1:59625 finished (1 byte still in flight).
DEBUG: Inbound stream from 169.254.144.1:1733 finished cleanly.
DEBUG: Outbound stream to 169.254.144.1:59625 has been fully acknowledged.
DEBUG: Waiting for clean shutdown... DEBUG: Outbound stream to 169.254.144.1:1733 finished (32769 bytes still in flight).
DEBUG: Inbound stream from 169.254.144.1:59625 finished cleanly.
DEBUG: Waiting for lingering segments (e.g. retransmissions of FIN) from peer...
DEBUG: Outbound stream to 169.254.144.1:1733 has been fully acknowledged.
DEBUG: TCP connection finished cleanly.
done.
DEBUG: Waiting for clean shutdown... DEBUG: TCP connection finished cleanly.
done.
<end of output>
Test time =   0.26 sec
----------------------------------------------------------
Test Passed.
"t_usR_32K_d" end time: Jun 27 13:23 CST
"t_usR_32K_d" time elapsed: 00:00:00
----------------------------------------------------------

77/164 Testing: t_usD_1M_32k
77/164 Test: t_usD_1M_32k
Command: "/home/gsh/csdiy/libsponge/txrx.sh" "-usDd" "1M" "-w" "32K"
Directory: /home/gsh/csdiy/libsponge/build
"t_usD_1M_32k" start time: Jun 27 13:23 CST
Output:
----------------------------------------------------------
DEBUG: Listening for incoming connection... DEBUG: Connecting to 169.254.144.1:5736... done.
new connection from 169.254.144.1:32800.
DEBUG: Outbound stream to 169.254.144.1:32800 finished (32768 bytes still in flight).
DEBUG: Outbound stream to 169.254.144.1:5736 finished (31316 bytes still in flight).
DEBUG: Inbound stream from DEBUG: Outbound stream to 169.254.144.1:5736169.254.144.1:32800 finished cleanly.
 has been fully acknowledged.
DEBUG: Waiting for clean shutdown... DEBUG: Inbound stream from 169.254.144.1:32800 finished cleanly.
DEBUG: Waiting for lingering segments (e.g. retransmissions of FIN) from peer...
DEBUG: Outbound stream to 169.254.144.1:5736 has been fully acknowledged.
<end of output>
Test time =  10.02 sec
----------------------------------------------------------
Test Failed.
"t_usD_1M_32k" end time: Jun 27 13:24 CST
"t_usD_1M_32k" time elapsed: 00:00:10
----------------------------------------------------------

78/164 Testing: t_usD_128K_8K
78/164 Test: t_usD_128K_8K
Command: "/home/gsh/csdiy/libsponge/txrx.sh" "-usDd" "128K" "-w" "8K"
Directory: /home/gsh/csdiy/libsponge/build
"t_usD_128K_8K" start time: Jun 27 13:24 CST
Output:
----------------------------------------------------------
DEBUG: Listening for incoming connection... DEBUG: Connecting to 169.254.144.1:24063... done.
new connection from 169.254.144.1:42526.
DEBUG: Outbound stream to 169.254.144.1:42526 finished (DEBUG: Outbound stream to 6740 bytes169.254.144.1:24063 still in flight).
 finished (6740 bytes still in flight).
DEBUG: Inbound stream from 169.254.144.1:24063 finished cleanly.
DEBUG: Inbound stream from 169.254.144.1:42526 finished cleanly.
DEBUG: Outbound stream to DEBUG: Outbound stream to 169.254.144.1:24063169.254.144.1:42526 has been fully acknowledged.
 has been fully acknowledged.
DEBUG: Waiting for clean shutdown... DEBUG: Waiting for clean shutdown... DEBUG: TCP connection finished cleanly.
done.
DEBUG: TCP connection finished cleanly.
done.
<end of output>
Test time =   0.28 sec
----------------------------------------------------------
Test Passed.
"t_usD_128K_8K" end time: Jun 27 13:24 CST
"t_usD_128K_8K" time elapsed: 00:00:00
----------------------------------------------------------

79/164 Testing: t_usD_16_1
79/164 Test: t_usD_16_1
Command: "/home/gsh/csdiy/libsponge/txrx.sh" "-usDd" "16" "-w" "1"
Directory: /home/gsh/csdiy/libsponge/build
"t_usD_16_1" start time: Jun 27 13:24 CST
Output:
----------------------------------------------------------
DEBUG: Listening for incoming connection... DEBUG: Connecting to 169.254.144.1:15142... done.
new connection from 169.254.144.1:59043.
DEBUG: Outbound stream to 169.254.144.1:15142 finished (1 byte still in flight).
DEBUG: Outbound stream to 169.254.144.1:59043 finished (1 byte still in flight).
DEBUG: Inbound stream from 169.254.144.1:59043 finished cleanly.
DEBUG: Outbound stream to 169.254.144.1:15142 has been fully acknowledged.
DEBUG: Inbound stream from 169.254.144.1:15142 finished cleanly.
DEBUG: Waiting for lingering segments (e.g. retransmissions of FIN) from peer...
DEBUG: Outbound stream to 169.254.144.1:59043 has been fully acknowledged.
DEBUG: TCP connection finished cleanly.
DEBUG: Waiting for clean shutdown... DEBUG: Waiting for clean shutdown... done.
DEBUG: TCP connection finished cleanly.
done.
<end of output>
Test time =   0.26 sec
----------------------------------------------------------
Test Passed.
"t_usD_16_1" end time: Jun 27 13:24 CST
"t_usD_16_1" time elapsed: 00:00:00
----------------------------------------------------------

80/164 Testing: t_usD_32K_d
80/164 Test: t_usD_32K_d
Command: "/home/gsh/csdiy/libsponge/txrx.sh" "-usDd" "32K"
Directory: /home/gsh/csdiy/libsponge/build
"t_usD_32K_d" start time: Jun 27 13:24 CST
Output:
----------------------------------------------------------
DEBUG: Listening for incoming connection... DEBUG: Connecting to 169.254.144.1:5164... done.
new connection from 169.254.144.1:53092.
DEBUG: Outbound stream to 169.254.144.1:5164 finished (32769 bytes still in flight).
DEBUG: Outbound stream to 169.254.144.1:53092 finished (32769 bytes still in flight).
DEBUG: Inbound stream from 169.254.144.1:5164 finished cleanly.
DEBUG: Inbound stream from 169.254.144.1:53092 finished cleanly.
DEBUG: Waiting for clean shutdown... DEBUG: Waiting for clean shutdown... DEBUG: Outbound stream to 169.254.144.1:5164 has been fully acknowledged.
DEBUG: Outbound stream to 169.254.144.1:53092 has been fully acknowledged.
DEBUG: TCP connection finished cleanly.
done.
DEBUG: TCP connection finished cleanly.
done.
<end of output>
Test time =   0.26 sec
----------------------------------------------------------
Test Passed.
"t_usD_32K_d" end time: Jun 27 13:24 CST
"t_usD_32K_d" time elapsed: 00:00:00
----------------------------------------------------------

81/164 Testing: t_ucS_128K_8K_l
81/164 Test: t_ucS_128K_8K_l
Command: "/home/gsh/csdiy/libsponge/txrx.sh" "-ucSd" "128K" "-w" "8K" "-l" "0.1"
Directory: /home/gsh/csdiy/libsponge/build
"t_ucS_128K_8K_l" start time: Jun 27 13:24 CST
Output:
----------------------------------------------------------
DEBUG: Listening for incoming connection... DEBUG: Connecting to 169.254.144.1:32693... done.
new connection from 169.254.144.1:45726.
DEBUG: Outbound stream to 169.254.144.1:45726 finished (1 byte still in flight).
DEBUG: Inbound stream from 169.254.144.1:32693 finished cleanly.
DEBUG: Outbound stream to 169.254.144.1:45726 has been fully acknowledged.
DEBUG: Waiting for clean shutdown... DEBUG: Outbound stream to 169.254.144.1:32693 finished (5808 bytes still in flight).
DEBUG: Inbound stream from 169.254.144.1:45726 finished cleanly.
DEBUG: Waiting for lingering segments (e.g. retransmissions of FIN) from peer...
DEBUG: Waiting for clean shutdown... DEBUG: TCP connection finished cleanly.
done.
DEBUG: TCP connection finished uncleanlydone.
ERROR: 61c4328ad03c72d0ff4181dff96becea4bb9d4b0a2a3510df8298555cd6573b8 neq f93fa72f70982894e276ee356f6533d3cac4a72cda1292008f7f5f5620b7a308 or 
<end of output>
Test time =   6.28 sec
----------------------------------------------------------
Test Failed.
"t_ucS_128K_8K_l" end time: Jun 27 13:24 CST
"t_ucS_128K_8K_l" time elapsed: 00:00:06
----------------------------------------------------------

82/164 Testing: t_ucS_128K_8K_L
82/164 Test: t_ucS_128K_8K_L
Command: "/home/gsh/csdiy/libsponge/txrx.sh" "-ucSd" "128K" "-w" "8K" "-L" "0.1"
Directory: /home/gsh/csdiy/libsponge/build
"t_ucS_128K_8K_L" start time: Jun 27 13:24 CST
Output:
----------------------------------------------------------
DEBUG: Listening for incoming connection... DEBUG: Connecting to 169.254.144.1:32412... done.
new connection from 169.254.144.1:35079.
DEBUG: Outbound stream to 169.254.144.1:35079 finished (1 byte still in flight).
DEBUG: Inbound stream from 169.254.144.1:32412 finished cleanly.
DEBUG: Outbound stream to 169.254.144.1:35079 has been fully acknowledged.
DEBUG: Waiting for clean shutdown... DEBUG: Outbound stream to 169.254.144.1:32412 finished (8191 bytes still in flight).
DEBUG: Inbound stream from 169.254.144.1:35079 finished cleanly.
DEBUG: Waiting for lingering segments (e.g. retransmissions of FIN) from peer...
DEBUG: Waiting for clean shutdown... DEBUG: TCP connection finished uncleanlyDEBUG: TCP connection finished uncleanlydone.
done.
[...]
DEBUG: Inbound stream from 169.254.144.9:23123 finished with an error/reset.
DEBUG: TCP connection finished uncleanlyDEBUG: Waiting for clean shutdown... done.
ERROR: 4fe307ee606994f1d803ba07d6ef855037d86db9d272c70b144e3dabded08ece neq e3b0c44298fc1c149afbf4c8996fb92427ae41e4649b934ca495991b7852b855 or 36586ecf871137a72b6650e667bc6f059e2f6d04978f66ef1298488e211e0ee0
<end of output>
Test time =   6.32 sec
----------------------------------------------------------
Test Failed.
"t_isD_128K_8K_l" end time: Jun 27 13:30 CST
"t_isD_128K_8K_l" time elapsed: 00:00:06
----------------------------------------------------------

145/164 Testing: t_isD_128K_8K_L
145/164 Test: t_isD_128K_8K_L
Command: "/home/gsh/csdiy/libsponge/txrx.sh" "-isDd" "128K" "-w" "8K" "-L" "0.1"
Directory: /home/gsh/csdiy/libsponge/build
"t_isD_128K_8K_L" start time: Jun 27 13:30 CST
Output:
----------------------------------------------------------
DEBUG: Listening for incoming connection... DEBUG: Connecting to 169.254.144.9:13304... done.
new connection from 169.254.144.1:6910.
DEBUG: Inbound stream from 169.254.144.1:6910 finished with an error/reset.
DEBUG: TCP connection finished uncleanlyDEBUG: Waiting for clean shutdown... done.
DEBUG: Inbound stream from 169.254.144.9:13304 finished with an error/reset.
DEBUG: TCP connection finished uncleanlyDEBUG: Waiting for clean shutdown... done.
ERROR: d7e5bab3699a87317f8f45a76abe7ad8bdad9cfe623acd4b4706674a03d6df94 neq b7146543b02e6bb7bf3671cbb9a0645aa19dec7f997a24d8587a65df362f21f7 or b7146543b02e6bb7bf3671cbb9a0645aa19dec7f997a24d8587a65df362f21f7
<end of output>
Test time =   6.32 sec
----------------------------------------------------------
Test Failed.
"t_isD_128K_8K_L" end time: Jun 27 13:30 CST
"t_isD_128K_8K_L" time elapsed: 00:00:06
----------------------------------------------------------

146/164 Testing: t_isD_128K_8K_lL
146/164 Test: t_isD_128K_8K_lL
Command: "/home/gsh/csdiy/libsponge/txrx.sh" "-isDd" "128K" "-w" "8K" "-l" "0.1" "-L" "0.1"
Directory: /home/gsh/csdiy/libsponge/build
"t_isD_128K_8K_lL" start time: Jun 27 13:30 CST
Output:
----------------------------------------------------------
DEBUG: Listening for incoming connection... DEBUG: Connecting to 169.254.144.9:29452... done.
new connection from 169.254.144.1:1885.
DEBUG: Inbound stream from 169.254.144.1:1885 finished with an error/reset.
DEBUG: TCP connection finished uncleanlyDEBUG: Waiting for clean shutdown... done.
DEBUG: Inbound stream from 169.254.144.9:29452 finished with an error/reset.
DEBUG: TCP connection finished uncleanlyDEBUG: Waiting for clean shutdown... done.
ERROR: 502b380f254b899f1dd977b593e7f70858c01a6e70aae6efa6c58761e326d33e neq 8f94cebe5f6250b2b05bfed32afc2f4df2250cac52c3dd24ab63a60964437710 or 8f94cebe5f6250b2b05bfed32afc2f4df2250cac52c3dd24ab63a60964437710
<end of output>
Test time =   6.32 sec
----------------------------------------------------------
Test Failed.
"t_isD_128K_8K_lL" end time: Jun 27 13:31 CST
"t_isD_128K_8K_lL" time elapsed: 00:00:06
----------------------------------------------------------

147/164 Testing: t_icnS_128K_8K_l
147/164 Test: t_icnS_128K_8K_l
Command: "/home/gsh/csdiy/libsponge/txrx.sh" "-icSnd" "128K" "-w" "8K" "-l" "0.1"
Directory: /home/gsh/csdiy/libsponge/build
"t_icnS_128K_8K_l" start time: Jun 27 13:31 CST
Output:
----------------------------------------------------------
DEBUG: Connecting to 169.254.144.1:28991... done.
DEBUG: Outbound stream to 169.254.144.1:28991 finished (50820 bytes still in flight).
DEBUG: Inbound stream from 169.254.144.1:28991 finished cleanly.
DEBUG: Waiting for clean shutdown... DEBUG: Outbound stream to 169.254.144.1:28991 has been fully acknowledged.
<end of output>
Test time =  10.02 sec
----------------------------------------------------------
Test Failed.
"t_icnS_128K_8K_l" end time: Jun 27 13:31 CST
"t_icnS_128K_8K_l" time elapsed: 00:00:10
----------------------------------------------------------

148/164 Testing: t_icnS_128K_8K_L
148/164 Test: t_icnS_128K_8K_L
Command: "/home/gsh/csdiy/libsponge/txrx.sh" "-icSnd" "128K" "-w" "8K" "-L" "0.1"
Directory: /home/gsh/csdiy/libsponge/build
"t_icnS_128K_8K_L" start time: Jun 27 13:31 CST
Output:
----------------------------------------------------------
DEBUG: Connecting to 169.254.144.1:15175... done.
DEBUG: Outbound stream to 169.254.144.1:15175 finished (52272 bytes still in flight).
DEBUG: Inbound stream from 169.254.144.1:15175 finished cleanly.
DEBUG: Waiting for clean shutdown... DEBUG: TCP connection finished uncleanlydone.
ERROR: a0ee85aba69c8f83c51c1fd89fb22fa02d71246a8fd1e7f594c62498543b59a3 neq e47b9510b49e778e3962a36183065a48bab87c65e0a7da220970cf36294771da or 
<end of output>
Test time =   6.37 sec
----------------------------------------------------------
Test Failed.
"t_icnS_128K_8K_L" end time: Jun 27 13:31 CST
"t_icnS_128K_8K_L" time elapsed: 00:00:06
----------------------------------------------------------

149/164 Testing: t_icnS_128K_8K_lL
149/164 Test: t_icnS_128K_8K_lL
Command: "/home/gsh/csdiy/libsponge/txrx.sh" "-icSnd" "128K" "-w" "8K" "-l" "0.1" "-L" "0.1"
Directory: /home/gsh/csdiy/libsponge/build
"t_icnS_128K_8K_lL" start time: Jun 27 13:31 CST
Output:
----------------------------------------------------------
DEBUG: Connecting to 169.254.144.1:22473... done.
DEBUG: Inbound stream from 169.254.144.1:22473 finished cleanly.
DEBUG: Waiting for clean shutdown... DEBUG: Outbound stream to 169.254.144.1:22473 finished (33396 bytes still in flight).
DEBUG: TCP connection finished uncleanlydone.
ERROR: 33ce9b37f20a014ca5166f247512667b1a18a0ba1c63a6e60d39c5348c194635 neq 544b123c5231cd4f0fd47a9b55aacf065996a1b69c51d849688b2ce0da17176e or 
<end of output>
Test time =   6.32 sec
----------------------------------------------------------
Test Failed.
"t_icnS_128K_8K_lL" end time: Jun 27 13:31 CST
"t_icnS_128K_8K_lL" time elapsed: 00:00:06
----------------------------------------------------------

150/164 Testing: t_icnR_128K_8K_l
150/164 Test: t_icnR_128K_8K_l
Command: "/home/gsh/csdiy/libsponge/txrx.sh" "-icRnd" "128K" "-w" "8K" "-l" "0.1"
Directory: /home/gsh/csdiy/libsponge/build
"t_icnR_128K_8K_l" start time: Jun 27 13:31 CST
Output:
----------------------------------------------------------
DEBUG: Connecting to 169.254.144.1:27458... done.
DEBUG: Outbound stream to 169.254.144.1:27458 finished (1 byte still in flight).
DEBUG: Outbound stream to 169.254.144.1:27458 has been fully acknowledged.
<end of output>
Test time =  10.02 sec
----------------------------------------------------------
Test Failed.
"t_icnR_128K_8K_l" end time: Jun 27 13:31 CST
"t_icnR_128K_8K_l" time elapsed: 00:00:10
----------------------------------------------------------

151/164 Testing: t_icnR_128K_8K_L
151/164 Test: t_icnR_128K_8K_L
Command: "/home/gsh/csdiy/libsponge/txrx.sh" "-icRnd" "128K" "-w" "8K" "-L" "0.1"
Directory: /home/gsh/csdiy/libsponge/build
"t_icnR_128K_8K_L" start time: Jun 27 13:31 CST
Output:
----------------------------------------------------------
DEBUG: Connecting to 169.254.144.1:9412... done.
DEBUG: Outbound stream to 169.254.144.1:9412 finished (1 byte still in flight).
DEBUG: Outbound stream to 169.254.144.1:9412 has been fully acknowledged.
<end of output>
Test time =  10.02 sec
----------------------------------------------------------
Test Failed.
"t_icnR_128K_8K_L" end time: Jun 27 13:31 CST
"t_icnR_128K_8K_L" time elapsed: 00:00:10
----------------------------------------------------------

152/164 Testing: t_icnR_128K_8K_lL
152/164 Test: t_icnR_128K_8K_lL
Command: "/home/gsh/csdiy/libsponge/txrx.sh" "-icRnd" "128K" "-w" "8K" "-l" "0.1" "-L" "0.1"
Directory: /home/gsh/csdiy/libsponge/build
"t_icnR_128K_8K_lL" start time: Jun 27 13:31 CST
Output:
----------------------------------------------------------
DEBUG: Connecting to 169.254.144.1:20289... done.
DEBUG: Outbound stream to 169.254.144.1:20289 finished (1 byte still in flight).
DEBUG: Outbound stream to 169.254.144.1:20289 has been fully acknowledged.
<end of output>
Test time =  10.03 sec
----------------------------------------------------------
Test Failed.
"t_icnR_128K_8K_lL" end time: Jun 27 13:31 CST
"t_icnR_128K_8K_lL" time elapsed: 00:00:10
----------------------------------------------------------

153/164 Testing: t_icnD_128K_8K_l
153/164 Test: t_icnD_128K_8K_l
Command: "/home/gsh/csdiy/libsponge/txrx.sh" "-icDnd" "128K" "-w" "8K" "-l" "0.1"
Directory: /home/gsh/csdiy/libsponge/build
"t_icnD_128K_8K_l" start time: Jun 27 13:31 CST
Output:
----------------------------------------------------------
DEBUG: Connecting to 169.254.144.1:18078... done.
DEBUG: Outbound stream to 169.254.144.1:18078 finished (50820 bytes still in flight).
DEBUG: Outbound stream to 169.254.144.1:18078 has been fully acknowledged.
<end of output>
Test time =  10.02 sec
----------------------------------------------------------
Test Failed.
"t_icnD_128K_8K_l" end time: Jun 27 13:32 CST
"t_icnD_128K_8K_l" time elapsed: 00:00:10
----------------------------------------------------------

154/164 Testing: t_icnD_128K_8K_L
154/164 Test: t_icnD_128K_8K_L
Command: "/home/gsh/csdiy/libsponge/txrx.sh" "-icDnd" "128K" "-w" "8K" "-L" "0.1"
Directory: /home/gsh/csdiy/libsponge/build
"t_icnD_128K_8K_L" start time: Jun 27 13:32 CST
Output:
----------------------------------------------------------
DEBUG: Connecting to 169.254.144.1:27685... done.
DEBUG: Outbound stream to 169.254.144.1:27685 finished (39204 bytes still in flight).
DEBUG: Inbound stream from 169.254.144.1:27685 finished cleanly.
DEBUG: Waiting for clean shutdown... DEBUG: TCP connection finished uncleanlydone.
ERROR: 8cbf2e741042e3fa5760b31b7531659b3ba0274d7a3201dc86d958569ecae6a9 neq 6c2cd8fca2517e1d59055de490fe5edf904176622e55954a425d47f463b90eb8 or 8cbf2e741042e3fa5760b31b7531659b3ba0274d7a3201dc86d958569ecae6a9
<end of output>
Test time =   6.48 sec
----------------------------------------------------------
Test Failed.
"t_icnD_128K_8K_L" end time: Jun 27 13:32 CST
"t_icnD_128K_8K_L" time elapsed: 00:00:06
----------------------------------------------------------

155/164 Testing: t_icnD_128K_8K_lL
155/164 Test: t_icnD_128K_8K_lL
Command: "/home/gsh/csdiy/libsponge/txrx.sh" "-icDnd" "128K" "-w" "8K" "-l" "0.1" "-L" "0.1"
Directory: /home/gsh/csdiy/libsponge/build
"t_icnD_128K_8K_lL" start time: Jun 27 13:32 CST
Output:
----------------------------------------------------------
DEBUG: Connecting to 169.254.144.1:5844... done.
DEBUG: Outbound stream to 169.254.144.1:5844 finished (17424 bytes still in flight).
DEBUG: Inbound stream from 169.254.144.1:5844 finished cleanly.
DEBUG: TCP connection finished DEBUG: Waiting for clean shutdown... uncleanlydone.
ERROR: 1f4504371e369d876b206b5c8e2bd7eacfb1d500933f6be9a1bacd81f75e6444 neq c68d76e221f576b46e5be920f09cdedbc580082b102e4ae2b8bb2386098150d9 or 1f4504371e369d876b206b5c8e2bd7eacfb1d500933f6be9a1bacd81f75e6444
<end of output>
Test time =   2.69 sec
----------------------------------------------------------
Test Failed.
"t_icnD_128K_8K_lL" end time: Jun 27 13:32 CST
"t_icnD_128K_8K_lL" time elapsed: 00:00:02
----------------------------------------------------------

156/164 Testing: t_isnS_128K_8K_l
156/164 Test: t_isnS_128K_8K_l
Command: "/home/gsh/csdiy/libsponge/txrx.sh" "-isSnd" "128K" "-w" "8K" "-l" "0.1"
Directory: /home/gsh/csdiy/libsponge/build
"t_isnS_128K_8K_l" start time: Jun 27 13:32 CST
Output:
----------------------------------------------------------
DEBUG: Listening for incoming connection... new connection from 169.254.144.1:56642.
DEBUG: Inbound stream from 169.254.144.1:56642 finished cleanly.
DEBUG: Waiting for clean shutdown... DEBUG: Outbound stream to 169.254.144.1:56642 finished (50820 bytes still in flight).
DEBUG: TCP connection finished uncleanlydone.
ERROR: ce61151e5dd1228fba9d2d3179ce34450feb374a06071fad47ffb1fb7560ab6f neq 245ba9f0bc059fee4cd9018028f28b9d1c98bc5de3b27dcdbecff65a5f188122 or 
<end of output>
Test time =   6.28 sec
----------------------------------------------------------
Test Failed.
"t_isnS_128K_8K_l" end time: Jun 27 13:32 CST
"t_isnS_128K_8K_l" time elapsed: 00:00:06
----------------------------------------------------------

157/164 Testing: t_isnS_128K_8K_L
157/164 Test: t_isnS_128K_8K_L
Command: "/home/gsh/csdiy/libsponge/txrx.sh" "-isSnd" "128K" "-w" "8K" "-L" "0.1"
Directory: /home/gsh/csdiy/libsponge/build
"t_isnS_128K_8K_L" start time: Jun 27 13:32 CST
Output:
----------------------------------------------------------
DEBUG: Listening for incoming connection... new connection from 169.254.144.1:50760.
DEBUG: Inbound stream from 169.254.144.1:50760 finished cleanly.
DEBUG: Waiting for clean shutdown... DEBUG: Outbound stream to 169.254.144.1:50760 finished (37752 bytes still in flight).
DEBUG: TCP connection finished uncleanlydone.
ERROR: 4b10c691d91c936f284dc3e552bae73cf17a740cffdddb533395c9bed724e530 neq c8ece54453ad7a8554d489efe800f4296d9fac0b410499ddcc215ee7fa3956a8 or 
<end of output>
Test time =   6.35 sec
----------------------------------------------------------
Test Failed.
"t_isnS_128K_8K_L" end time: Jun 27 13:32 CST
"t_isnS_128K_8K_L" time elapsed: 00:00:06
----------------------------------------------------------

158/164 Testing: t_isnS_128K_8K_lL
158/164 Test: t_isnS_128K_8K_lL
Command: "/home/gsh/csdiy/libsponge/txrx.sh" "-isSnd" "128K" "-w" "8K" "-l" "0.1" "-L" "0.1"
Directory: /home/gsh/csdiy/libsponge/build
"t_isnS_128K_8K_lL" start time: Jun 27 13:32 CST
Output:
----------------------------------------------------------
DEBUG: Listening for incoming connection... new connection from 169.254.144.1:57688.
DEBUG: Inbound stream from 169.254.144.1:57688 finished cleanly.
DEBUG: Waiting for clean shutdown... DEBUG: Outbound stream to 169.254.144.1:57688 finished (26136 bytes still in flight).
DEBUG: TCP connection finished uncleanlydone.
ERROR: cc0b4d4f60017a9faebfb2fb3612a2c9373b0a130f1ce1ec379b5b6b8c301eec neq 613103d1cc6f36302754db0a00ab400c28a69e9529386a9cac8778fd6e404a4f or 
<end of output>
Test time =   6.44 sec
----------------------------------------------------------
Test Failed.
"t_isnS_128K_8K_lL" end time: Jun 27 13:32 CST
"t_isnS_128K_8K_lL" time elapsed: 00:00:06
----------------------------------------------------------

159/164 Testing: t_isnR_128K_8K_l
159/164 Test: t_isnR_128K_8K_l
Command: "/home/gsh/csdiy/libsponge/txrx.sh" "-isRnd" "128K" "-w" "8K" "-l" "0.1"
Directory: /home/gsh/csdiy/libsponge/build
"t_isnR_128K_8K_l" start time: Jun 27 13:32 CST
Output:
----------------------------------------------------------
DEBUG: Listening for incoming connection... new connection from 169.254.144.1:39616.
DEBUG: Outbound stream to 169.254.144.1:39616 finished (1 byte still in flight).
DEBUG: Outbound stream to 169.254.144.1:39616 has been fully acknowledged.
<end of output>
Test time =  10.03 sec
----------------------------------------------------------
Test Failed.
"t_isnR_128K_8K_l" end time: Jun 27 13:32 CST
"t_isnR_128K_8K_l" time elapsed: 00:00:10
----------------------------------------------------------

160/164 Testing: t_isnR_128K_8K_L
160/164 Test: t_isnR_128K_8K_L
Command: "/home/gsh/csdiy/libsponge/txrx.sh" "-isRnd" "128K" "-w" "8K" "-L" "0.1"
Directory: /home/gsh/csdiy/libsponge/build
"t_isnR_128K_8K_L" start time: Jun 27 13:32 CST
Output:
----------------------------------------------------------
DEBUG: Listening for incoming connection... new connection from 169.254.144.1:34494.
DEBUG: Outbound stream to 169.254.144.1:34494 finished (1 byte still in flight).
DEBUG: Outbound stream to 169.254.144.1:34494 has been fully acknowledged.
<end of output>
Test time =  10.03 sec
----------------------------------------------------------
Test Failed.
"t_isnR_128K_8K_L" end time: Jun 27 13:32 CST
"t_isnR_128K_8K_L" time elapsed: 00:00:10
----------------------------------------------------------

161/164 Testing: t_isnR_128K_8K_lL
161/164 Test: t_isnR_128K_8K_lL
Command: "/home/gsh/csdiy/libsponge/txrx.sh" "-isRnd" "128K" "-w" "8K" "-l" "0.1" "-L" "0.1"
Directory: /home/gsh/csdiy/libsponge/build
"t_isnR_128K_8K_lL" start time: Jun 27 13:32 CST
Output:
----------------------------------------------------------
DEBUG: Listening for incoming connection... new connection from 169.254.144.1:57390.
DEBUG: Outbound stream to 169.254.144.1:57390 finished (1 byte still in flight).
DEBUG: Outbound stream to 169.254.144.1:57390 has been fully acknowledged.
<end of output>
Test time =  10.03 sec
----------------------------------------------------------
Test Failed.
"t_isnR_128K_8K_lL" end time: Jun 27 13:33 CST
"t_isnR_128K_8K_lL" time elapsed: 00:00:10
----------------------------------------------------------

162/164 Testing: t_isnD_128K_8K_l
162/164 Test: t_isnD_128K_8K_l
Command: "/home/gsh/csdiy/libsponge/txrx.sh" "-isDnd" "128K" "-w" "8K" "-l" "0.1"
Directory: /home/gsh/csdiy/libsponge/build
"t_isnD_128K_8K_l" start time: Jun 27 13:33 CST
Output:
----------------------------------------------------------
DEBUG: Listening for incoming connection... new connection from 169.254.144.1:32990.
DEBUG: Outbound stream to 169.254.144.1:32990 finished (50820 bytes still in flight).
DEBUG: Inbound stream from 169.254.144.1:32990 finished cleanly.
DEBUG: TCP connection finished uncleanlyDEBUG: Waiting for clean shutdown... done.
ERROR: 9432c883f28d5363f80a66328a6736bc2652b045f95a0756ba2d2fb166d07b8c neq 9432c883f28d5363f80a66328a6736bc2652b045f95a0756ba2d2fb166d07b8c or e4bb91b2b99fe4bfd1af815c807868598adc59b7bcff2c6d0cfca55d419a6667
<end of output>
Test time =   0.91 sec
----------------------------------------------------------
Test Failed.
"t_isnD_128K_8K_l" end time: Jun 27 13:33 CST
"t_isnD_128K_8K_l" time elapsed: 00:00:00
----------------------------------------------------------

163/164 Testing: t_isnD_128K_8K_L
163/164 Test: t_isnD_128K_8K_L
Command: "/home/gsh/csdiy/libsponge/txrx.sh" "-isDnd" "128K" "-w" "8K" "-L" "0.1"
Directory: /home/gsh/csdiy/libsponge/build
"t_isnD_128K_8K_L" start time: Jun 27 13:33 CST
Output:
----------------------------------------------------------
DEBUG: Listening for incoming connection... new connection from 169.254.144.1:60330.
DEBUG: Outbound stream to 169.254.144.1:60330 finished (43560 bytes still in flight).
DEBUG: Inbound stream from 169.254.144.1:60330 finished cleanly.
DEBUG: Waiting for clean shutdown... DEBUG: TCP connection finished uncleanlydone.
ERROR: 70386743514b8931d6dab7175e7b4dc7e993ebb18c7044a84238fa0205abee70 neq 70386743514b8931d6dab7175e7b4dc7e993ebb18c7044a84238fa0205abee70 or 5c835fa1d15a57a671c0dea69d716b1d81b99924ac7fd3863b78bd70db5fb45c
<end of output>
Test time =   6.54 sec
----------------------------------------------------------
Test Failed.
"t_isnD_128K_8K_L" end time: Jun 27 13:33 CST
"t_isnD_128K_8K_L" time elapsed: 00:00:06
----------------------------------------------------------

164/164 Testing: t_isnD_128K_8K_lL
164/164 Test: t_isnD_128K_8K_lL
Command: "/home/gsh/csdiy/libsponge/txrx.sh" "-isDnd" "128K" "-w" "8K" "-l" "0.1" "-L" "0.1"
Directory: /home/gsh/csdiy/libsponge/build
"t_isnD_128K_8K_lL" start time: Jun 27 13:33 CST
Output:
----------------------------------------------------------
DEBUG: Listening for incoming connection... new connection from 169.254.144.1:35454.
DEBUG: Outbound stream to 169.254.144.1:35454 finished (59532 bytes still in flight).
DEBUG: Inbound stream from 169.254.144.1:35454 finished cleanly.
DEBUG: Waiting for clean shutdown... ERROR: 6d2aaee12dc373ea278c8d59242ace52cc5f78f7d48543a9d5b308ca3ffeebbc neq 52a4fd2f65fbe2da4e949ca841df6c7d9a81c5d3ceaab2651bec981ec0c52093 or 4dfd6f3bb8d27ddbd4d8796dc97f771a023cf2a626c25b97d474f2a39ffc9035
<end of output>
Test time =   0.96 sec
----------------------------------------------------------
Test Failed.
"t_isnD_128K_8K_lL" end time: Jun 27 13:33 CST
"t_isnD_128K_8K_lL" time elapsed: 00:00:00
----------------------------------------------------------

End testing: Jun 27 13:33 CST
